[2025-11-24 09:23:12Z INFO HostContext] No proxy settings were found based on environmental variables (http_proxy/https_proxy/HTTP_PROXY/HTTPS_PROXY)
[2025-11-24 09:23:12Z INFO HostContext] Well known directory 'Bin': 'C:\Users\kartik.a.bhardwaj\Github_action_24-11\actions-runner\bin'
[2025-11-24 09:23:12Z INFO HostContext] Well known directory 'Root': 'C:\Users\kartik.a.bhardwaj\Github_action_24-11\actions-runner'
[2025-11-24 09:23:12Z INFO HostContext] Well known config file 'Credentials': 'C:\Users\kartik.a.bhardwaj\Github_action_24-11\actions-runner\.credentials'
[2025-11-24 09:23:12Z INFO HostContext] Well known directory 'Bin': 'C:\Users\kartik.a.bhardwaj\Github_action_24-11\actions-runner\bin'
[2025-11-24 09:23:12Z INFO HostContext] Well known directory 'Root': 'C:\Users\kartik.a.bhardwaj\Github_action_24-11\actions-runner'
[2025-11-24 09:23:12Z INFO HostContext] Well known config file 'Runner': 'C:\Users\kartik.a.bhardwaj\Github_action_24-11\actions-runner\.runner'
[2025-11-24 09:23:12Z INFO Listener] Runner is built for Windows (X64) - win-x64.
[2025-11-24 09:23:12Z INFO Listener] RuntimeInformation: Microsoft Windows 10.0.22631.
[2025-11-24 09:23:12Z INFO Listener] Version: 2.329.0
[2025-11-24 09:23:12Z INFO Listener] Commit: c76c59996c8fa32e989164a5a695efb12608ae5a
[2025-11-24 09:23:12Z INFO Listener] Culture: en-US
[2025-11-24 09:23:12Z INFO Listener] UI Culture: en-US
[2025-11-24 09:23:12Z INFO HostContext] Well known directory 'Bin': 'C:\Users\kartik.a.bhardwaj\Github_action_24-11\actions-runner\bin'
[2025-11-24 09:23:12Z INFO HostContext] Well known directory 'Root': 'C:\Users\kartik.a.bhardwaj\Github_action_24-11\actions-runner'
[2025-11-24 09:23:12Z INFO Listener] Validating directory permissions for: 'C:\Users\kartik.a.bhardwaj\Github_action_24-11\actions-runner'
[2025-11-24 09:23:12Z INFO CommandLineParser] Parse
[2025-11-24 09:23:12Z INFO CommandLineParser] Parsing 1 args
[2025-11-24 09:23:12Z INFO CommandLineParser] parsing argument
[2025-11-24 09:23:12Z INFO CommandLineParser] HasArgs: False
[2025-11-24 09:23:12Z INFO CommandLineParser] Adding Command: run
[2025-11-24 09:23:12Z INFO Listener] Arguments parsed
[2025-11-24 09:23:12Z INFO Runner] ExecuteCommand
[2025-11-24 09:23:12Z INFO ConfigurationStore] currentAssemblyLocation: C:\Users\kartik.a.bhardwaj\Github_action_24-11\actions-runner\bin\Runner.Listener.dll
[2025-11-24 09:23:12Z INFO HostContext] Well known directory 'Bin': 'C:\Users\kartik.a.bhardwaj\Github_action_24-11\actions-runner\bin'
[2025-11-24 09:23:12Z INFO ConfigurationStore] binPath: C:\Users\kartik.a.bhardwaj\Github_action_24-11\actions-runner\bin
[2025-11-24 09:23:12Z INFO HostContext] Well known directory 'Bin': 'C:\Users\kartik.a.bhardwaj\Github_action_24-11\actions-runner\bin'
[2025-11-24 09:23:12Z INFO HostContext] Well known directory 'Root': 'C:\Users\kartik.a.bhardwaj\Github_action_24-11\actions-runner'
[2025-11-24 09:23:12Z INFO ConfigurationStore] RootFolder: C:\Users\kartik.a.bhardwaj\Github_action_24-11\actions-runner
[2025-11-24 09:23:12Z INFO HostContext] Well known directory 'Bin': 'C:\Users\kartik.a.bhardwaj\Github_action_24-11\actions-runner\bin'
[2025-11-24 09:23:12Z INFO HostContext] Well known directory 'Root': 'C:\Users\kartik.a.bhardwaj\Github_action_24-11\actions-runner'
[2025-11-24 09:23:12Z INFO HostContext] Well known config file 'Runner': 'C:\Users\kartik.a.bhardwaj\Github_action_24-11\actions-runner\.runner'
[2025-11-24 09:23:12Z INFO ConfigurationStore] ConfigFilePath: C:\Users\kartik.a.bhardwaj\Github_action_24-11\actions-runner\.runner
[2025-11-24 09:23:12Z INFO HostContext] Well known directory 'Bin': 'C:\Users\kartik.a.bhardwaj\Github_action_24-11\actions-runner\bin'
[2025-11-24 09:23:12Z INFO HostContext] Well known directory 'Root': 'C:\Users\kartik.a.bhardwaj\Github_action_24-11\actions-runner'
[2025-11-24 09:23:12Z INFO HostContext] Well known config file 'MigratedRunner': 'C:\Users\kartik.a.bhardwaj\Github_action_24-11\actions-runner\.runner_migrated'
[2025-11-24 09:23:12Z INFO ConfigurationStore] MigratedConfigFilePath: C:\Users\kartik.a.bhardwaj\Github_action_24-11\actions-runner\.runner_migrated
[2025-11-24 09:23:12Z INFO HostContext] Well known directory 'Bin': 'C:\Users\kartik.a.bhardwaj\Github_action_24-11\actions-runner\bin'
[2025-11-24 09:23:12Z INFO HostContext] Well known directory 'Root': 'C:\Users\kartik.a.bhardwaj\Github_action_24-11\actions-runner'
[2025-11-24 09:23:12Z INFO HostContext] Well known config file 'Credentials': 'C:\Users\kartik.a.bhardwaj\Github_action_24-11\actions-runner\.credentials'
[2025-11-24 09:23:12Z INFO ConfigurationStore] CredFilePath: C:\Users\kartik.a.bhardwaj\Github_action_24-11\actions-runner\.credentials
[2025-11-24 09:23:12Z INFO HostContext] Well known directory 'Bin': 'C:\Users\kartik.a.bhardwaj\Github_action_24-11\actions-runner\bin'
[2025-11-24 09:23:12Z INFO HostContext] Well known directory 'Root': 'C:\Users\kartik.a.bhardwaj\Github_action_24-11\actions-runner'
[2025-11-24 09:23:12Z INFO HostContext] Well known config file 'MigratedCredentials': 'C:\Users\kartik.a.bhardwaj\Github_action_24-11\actions-runner\.credentials_migrated'
[2025-11-24 09:23:12Z INFO ConfigurationStore] MigratedCredFilePath: C:\Users\kartik.a.bhardwaj\Github_action_24-11\actions-runner\.credentials_migrated
[2025-11-24 09:23:12Z INFO HostContext] Well known directory 'Bin': 'C:\Users\kartik.a.bhardwaj\Github_action_24-11\actions-runner\bin'
[2025-11-24 09:23:12Z INFO HostContext] Well known directory 'Root': 'C:\Users\kartik.a.bhardwaj\Github_action_24-11\actions-runner'
[2025-11-24 09:23:12Z INFO HostContext] Well known config file 'Service': 'C:\Users\kartik.a.bhardwaj\Github_action_24-11\actions-runner\.service'
[2025-11-24 09:23:12Z INFO ConfigurationStore] ServiceConfigFilePath: C:\Users\kartik.a.bhardwaj\Github_action_24-11\actions-runner\.service
[2025-11-24 09:23:12Z INFO CommandSettings] Flag 'help': 'False'
[2025-11-24 09:23:12Z INFO CommandSettings] Flag 'version': 'False'
[2025-11-24 09:23:12Z INFO CommandSettings] Flag 'commit': 'False'
[2025-11-24 09:23:12Z INFO CommandSettings] Flag 'check': 'False'
[2025-11-24 09:23:12Z INFO CommandSettings] Command 'configure': 'False'
[2025-11-24 09:23:12Z INFO CommandSettings] Command 'remove': 'False'
[2025-11-24 09:23:12Z INFO CommandSettings] Command 'warmup': 'False'
[2025-11-24 09:23:12Z INFO ConfigurationManager] LoadSettings
[2025-11-24 09:23:12Z INFO ConfigurationStore] IsConfigured()
[2025-11-24 09:23:12Z INFO ConfigurationStore] IsConfigured: True
[2025-11-24 09:23:12Z INFO ConfigurationManager] Is configured: True
[2025-11-24 09:23:12Z INFO ConfigurationStore] Read setting file: 405 chars
[2025-11-24 09:23:12Z INFO ConfigurationManager] Settings Loaded
[2025-11-24 09:23:12Z INFO ConfigurationStore] IsServiceConfigured()
[2025-11-24 09:23:12Z INFO ConfigurationStore] IsServiceConfigured: False
[2025-11-24 09:23:12Z INFO CommandSettings] Command 'run': 'True'
[2025-11-24 09:23:12Z INFO ConfigurationStore] IsConfigured()
[2025-11-24 09:23:12Z INFO ConfigurationStore] IsConfigured: True
[2025-11-24 09:23:12Z INFO ConfigurationManager] Is configured: True
[2025-11-24 09:23:12Z INFO Runner] Could not parse the argument value '' for StartupType. Defaulting to Manual
[2025-11-24 09:23:12Z INFO Runner] Set runner startup type - Manual
[2025-11-24 09:23:12Z INFO CommandSettings] Flag 'once': 'False'
[2025-11-24 09:23:12Z INFO CommandSettings] Flag 'once': 'False'
[2025-11-24 09:23:12Z INFO Runner] RunAsync
[2025-11-24 09:23:12Z INFO ConfigurationManager] LoadMigratedSettings
[2025-11-24 09:23:12Z INFO ConfigurationStore] IsMigratedConfigured()
[2025-11-24 09:23:12Z INFO ConfigurationStore] IsMigratedConfigured: False
[2025-11-24 09:23:12Z INFO Runner] Failed to load migrated settings: No migrated configuration found.
[2025-11-24 09:23:12Z INFO Runner] Falling back to original .runner settings
[2025-11-24 09:23:12Z INFO Runner] Using BrokerMessageListener
[2025-11-24 09:23:12Z INFO BrokerMessageListener] Using provided settings
[2025-11-24 09:23:12Z INFO BrokerMessageListener] {
  "AgentId": 2,
  "AgentName": "demo",
  "PoolId": 1,
  "PoolName": "Default",
  "ServerUrl": "https://pipelinesghubeus23.actions.githubusercontent.com/zY0EQsxve8yuViIbETigPhNomdEGE82gHgYPQpzUVI0dksVSDN/",
  "GitHubUrl": "https://github.com/KARTIKBHARDWAJ627/Github_action_24-11",
  "WorkFolder": "_work",
  "UseV2Flow": true,
  "ServerUrlV2": "https://broker.actions.githubusercontent.com/"
}
[2025-11-24 09:23:12Z INFO BrokerMessageListener] Loading Credentials
[2025-11-24 09:23:12Z INFO ConfigurationStore] HasCredentials()
[2025-11-24 09:23:12Z INFO ConfigurationStore] stored True
[2025-11-24 09:23:12Z INFO CredentialManager] GetCredentialProvider
[2025-11-24 09:23:12Z INFO CredentialManager] Creating type OAuth
[2025-11-24 09:23:12Z INFO CredentialManager] Creating credential type: OAuth
[2025-11-24 09:23:12Z INFO HostContext] Well known directory 'Bin': 'C:\Users\kartik.a.bhardwaj\Github_action_24-11\actions-runner\bin'
[2025-11-24 09:23:12Z INFO HostContext] Well known directory 'Root': 'C:\Users\kartik.a.bhardwaj\Github_action_24-11\actions-runner'
[2025-11-24 09:23:12Z INFO HostContext] Well known config file 'RSACredentials': 'C:\Users\kartik.a.bhardwaj\Github_action_24-11\actions-runner\.credentials_rsaparams'
[2025-11-24 09:23:12Z INFO RSAEncryptedFileKeyManager] Loading RSA key parameters from file C:\Users\kartik.a.bhardwaj\Github_action_24-11\actions-runner\.credentials_rsaparams
[2025-11-24 09:23:12Z INFO BrokerMessageListener] Attempt to create session.
[2025-11-24 09:23:12Z INFO BrokerMessageListener] Connecting to the Broker Server...
[2025-11-24 09:23:12Z INFO ConfigurationStore] HasCredentials()
[2025-11-24 09:23:12Z INFO ConfigurationStore] stored True
[2025-11-24 09:23:12Z INFO CredentialManager] GetCredentialProvider
[2025-11-24 09:23:12Z INFO CredentialManager] Creating type OAuth
[2025-11-24 09:23:12Z INFO CredentialManager] Creating credential type: OAuth
[2025-11-24 09:23:12Z INFO RSAEncryptedFileKeyManager] Loading RSA key parameters from file C:\Users\kartik.a.bhardwaj\Github_action_24-11\actions-runner\.credentials_rsaparams
[2025-11-24 09:23:12Z INFO BrokerMessageListener] VssConnection created
[2025-11-24 09:23:12Z INFO BrokerMessageListener] Connecting to the Runner server...
[2025-11-24 09:23:12Z INFO RunnerServer] EstablishVssConnection
[2025-11-24 09:23:12Z INFO RunnerServer] Establish connection with 100 seconds timeout.
[2025-11-24 09:23:12Z INFO GitHubActionsService] Starting operation Location.GetConnectionData
[2025-11-24 09:23:12Z INFO RunnerServer] EstablishVssConnection
[2025-11-24 09:23:12Z INFO RunnerServer] Establish connection with 60 seconds timeout.
[2025-11-24 09:23:12Z INFO GitHubActionsService] Starting operation Location.GetConnectionData
[2025-11-24 09:23:12Z INFO RunnerServer] EstablishVssConnection
[2025-11-24 09:23:12Z INFO RunnerServer] Establish connection with 60 seconds timeout.
[2025-11-24 09:23:12Z INFO GitHubActionsService] Starting operation Location.GetConnectionData
[2025-11-24 09:23:13Z INFO GitHubActionsService] Finished operation Location.GetConnectionData
[2025-11-24 09:23:13Z INFO GitHubActionsService] Finished operation Location.GetConnectionData
[2025-11-24 09:23:13Z INFO GitHubActionsService] Finished operation Location.GetConnectionData
[2025-11-24 09:23:14Z INFO BrokerMessageListener] VssConnection created
[2025-11-24 09:23:14Z INFO Terminal] WRITE LINE: 
[2025-11-24 09:23:14Z INFO Terminal] WRITE LINE: 
[2025-11-24 09:23:14Z INFO RSAEncryptedFileKeyManager] Loading RSA key parameters from file C:\Users\kartik.a.bhardwaj\Github_action_24-11\actions-runner\.credentials_rsaparams
[2025-11-24 09:23:14Z INFO RSAEncryptedFileKeyManager] Loading RSA key parameters from file C:\Users\kartik.a.bhardwaj\Github_action_24-11\actions-runner\.credentials_rsaparams
[2025-11-24 09:23:14Z WARN GitHubActionsService] Attempt 1 of POST request to https://vstoken.actions.githubusercontent.com/_apis/oauth2/token/e1145e4e-a210-4ef7-9e67-acf80035ede9 failed (Socket Error: ConnectionAborted). The operation will be retried in 10.9 seconds.
[2025-11-24 09:23:25Z INFO GitHubActionsService] AAD Correlation ID for this token request: Unknown
[2025-11-24 09:23:25Z WARN GitHubActionsService] Retrieving an AAD auth token took a long time (11.6057726 seconds)
[2025-11-24 09:23:25Z WARN GitHubActionsService] Attempt 1 of POST request to https://broker.actions.githubusercontent.com/session failed (Socket Error: ConnectionAborted). The operation will be retried in 10.91 seconds.
[2025-11-24 09:23:37Z INFO BrokerMessageListener] Session created.
[2025-11-24 09:23:37Z INFO Terminal] WRITE LINE: Current runner version: '2.329.0'
[2025-11-24 09:23:37Z INFO Terminal] WRITE LINE: 2025-11-24 09:23:37Z: Listening for Jobs
[2025-11-24 09:23:37Z INFO JobDispatcher] Set runner/worker IPC timeout to 30 seconds.
[2025-11-24 09:31:25Z INFO BrokerMessageListener] Acknowledging runner request '5d056854-c211-58d0-907f-58e0ef9c76f1'.
[2025-11-24 09:31:26Z INFO ConfigurationStore] HasCredentials()
[2025-11-24 09:31:26Z INFO ConfigurationStore] stored True
[2025-11-24 09:31:26Z INFO CredentialManager] GetCredentialProvider
[2025-11-24 09:31:26Z INFO CredentialManager] Creating type OAuth
[2025-11-24 09:31:26Z INFO CredentialManager] Creating credential type: OAuth
[2025-11-24 09:31:26Z INFO RSAEncryptedFileKeyManager] Loading RSA key parameters from file C:\Users\kartik.a.bhardwaj\Github_action_24-11\actions-runner\.credentials_rsaparams
[2025-11-24 09:31:26Z INFO RSAEncryptedFileKeyManager] Loading RSA key parameters from file C:\Users\kartik.a.bhardwaj\Github_action_24-11\actions-runner\.credentials_rsaparams
[2025-11-24 09:31:26Z INFO RSAEncryptedFileKeyManager] Loading RSA key parameters from file C:\Users\kartik.a.bhardwaj\Github_action_24-11\actions-runner\.credentials_rsaparams
[2025-11-24 09:31:26Z INFO GitHubActionsService] AAD Correlation ID for this token request: Unknown
[2025-11-24 09:31:28Z INFO JobDispatcher] Job request 0 for plan 2b0f10cd-6d4c-483a-808d-fa9498522daa job 5d056854-c211-58d0-907f-58e0ef9c76f1 received.
[2025-11-24 09:31:28Z INFO JobDispatcher] Pull OrchestrationId 2b0f10cd-6d4c-483a-808d-fa9498522daa.build.__default from JWT claims
[2025-11-24 09:31:28Z INFO BrokerMessageListener] Received job status event. JobState: Busy
[2025-11-24 09:31:28Z INFO BrokerMessageListener] _getMessagesTokenSource is already disposed.
[2025-11-24 09:31:28Z INFO Terminal] WRITE LINE: 2025-11-24 09:31:28Z: Running job: build
[2025-11-24 09:31:28Z INFO JobDispatcher] Start renew job request 0 for job 5d056854-c211-58d0-907f-58e0ef9c76f1.
[2025-11-24 09:31:28Z INFO JobDispatcher] Successfully renew job 5d056854-c211-58d0-907f-58e0ef9c76f1, job is valid till 11/24/2025 9:41:28 AM
[2025-11-24 09:31:28Z INFO HostContext] Well known directory 'Bin': 'C:\Users\kartik.a.bhardwaj\Github_action_24-11\actions-runner\bin'
[2025-11-24 09:31:28Z INFO ProcessInvokerWrapper] Starting process:
[2025-11-24 09:31:28Z INFO ProcessInvokerWrapper]   File name: 'C:\Users\kartik.a.bhardwaj\Github_action_24-11\actions-runner\bin\Runner.Worker.exe'
[2025-11-24 09:31:28Z INFO ProcessInvokerWrapper]   Arguments: 'spawnclient 2088 2224'
[2025-11-24 09:31:28Z INFO ProcessInvokerWrapper]   Working directory: 'C:\Users\kartik.a.bhardwaj\Github_action_24-11\actions-runner\bin'
[2025-11-24 09:31:28Z INFO ProcessInvokerWrapper]   Require exit code zero: 'False'
[2025-11-24 09:31:28Z INFO ProcessInvokerWrapper]   Encoding web name:  ; code page: ''
[2025-11-24 09:31:28Z INFO ProcessInvokerWrapper]   Force kill process on cancellation: 'True'
[2025-11-24 09:31:28Z INFO ProcessInvokerWrapper]   Redirected STDIN: 'False'
[2025-11-24 09:31:28Z INFO ProcessInvokerWrapper]   Persist current code page: 'False'
[2025-11-24 09:31:28Z INFO ProcessInvokerWrapper]   Keep redirected STDIN open: 'False'
[2025-11-24 09:31:28Z INFO ProcessInvokerWrapper]   High priority process: 'True'
[2025-11-24 09:31:30Z INFO ProcessInvokerWrapper] Process started with process id 9324, waiting for process exit.
[2025-11-24 09:31:30Z INFO JobDispatcher] Send job request message to worker for job 5d056854-c211-58d0-907f-58e0ef9c76f1.
[2025-11-24 09:31:30Z INFO ProcessChannel] Sending message of length 20092, with hash '82489b54b4120f619b41f0e76541f563ad7e842dde3e33c9e6d5bdeef234421c'
[2025-11-24 09:31:31Z INFO JobNotification] Entering JobStarted Notification
[2025-11-24 09:31:31Z INFO JobNotification] Entering StartMonitor
[2025-11-24 09:32:30Z INFO JobDispatcher] Successfully renew job 5d056854-c211-58d0-907f-58e0ef9c76f1, job is valid till 11/24/2025 9:42:30 AM
[2025-11-24 09:33:30Z INFO JobDispatcher] Successfully renew job 5d056854-c211-58d0-907f-58e0ef9c76f1, job is valid till 11/24/2025 9:43:30 AM
[2025-11-24 09:33:35Z INFO ProcessInvokerWrapper] STDOUT/STDERR stream read finished.
[2025-11-24 09:33:35Z INFO ProcessInvokerWrapper] STDOUT/STDERR stream read finished.
[2025-11-24 09:33:35Z INFO ProcessInvokerWrapper] Finished process 9324 with exit code 100, and elapsed time 00:02:06.7605190.
[2025-11-24 09:33:35Z INFO JobDispatcher] Worker finished for job 5d056854-c211-58d0-907f-58e0ef9c76f1. Code: 100
[2025-11-24 09:33:35Z INFO JobDispatcher] finish job request for job 5d056854-c211-58d0-907f-58e0ef9c76f1 with result: Succeeded
[2025-11-24 09:33:35Z INFO Terminal] WRITE LINE: 2025-11-24 09:33:35Z: Job build completed with result: Succeeded
[2025-11-24 09:33:35Z INFO JobDispatcher] Stop renew job request for job 5d056854-c211-58d0-907f-58e0ef9c76f1.
[2025-11-24 09:33:35Z INFO JobDispatcher] job renew has been cancelled, stop renew job 5d056854-c211-58d0-907f-58e0ef9c76f1.
[2025-11-24 09:33:35Z INFO JobNotification] Entering JobCompleted Notification
[2025-11-24 09:33:35Z INFO JobNotification] Entering EndMonitor
[2025-11-24 09:33:35Z INFO BrokerMessageListener] Received job status event. JobState: Online
[2025-11-24 09:33:35Z WARN GitHubActionsService] GET request to https://broker.actions.githubusercontent.com/message?sessionId=360503cb-2c5b-43f5-85ea-51c7fb070877&status=Busy&runnerVersion=2.329.0&os=Windows&architecture=X64&disableUpdate=false has been cancelled.
[2025-11-24 09:33:35Z ERR  BrokerServer] Catch exception during request
[2025-11-24 09:33:35Z ERR  BrokerServer] System.Threading.Tasks.TaskCanceledException: The operation was canceled.
 ---> System.Threading.Tasks.TaskCanceledException: The operation was canceled.
 ---> System.IO.IOException: Unable to read data from the transport connection: The I/O operation has been aborted because of either a thread exit or an application request..
 ---> System.Net.Sockets.SocketException (995): The I/O operation has been aborted because of either a thread exit or an application request.
   --- End of inner exception stack trace ---
   at System.Net.Sockets.Socket.AwaitableSocketAsyncEventArgs.ThrowException(SocketError error, CancellationToken cancellationToken)
   at System.Net.Sockets.Socket.AwaitableSocketAsyncEventArgs.System.Threading.Tasks.Sources.IValueTaskSource<System.Int32>.GetResult(Int16 token)
   at System.Net.Security.SslStream.EnsureFullTlsFrameAsync[TIOAdapter](CancellationToken cancellationToken, Int32 estimatedSize)
   at System.Runtime.CompilerServices.PoolingAsyncValueTaskMethodBuilder`1.StateMachineBox`1.System.Threading.Tasks.Sources.IValueTaskSource<TResult>.GetResult(Int16 token)
   at System.Net.Security.SslStream.ReadAsyncInternal[TIOAdapter](Memory`1 buffer, CancellationToken cancellationToken)
   at System.Runtime.CompilerServices.PoolingAsyncValueTaskMethodBuilder`1.StateMachineBox`1.System.Threading.Tasks.Sources.IValueTaskSource<TResult>.GetResult(Int16 token)
   at System.Net.Http.HttpConnection.SendAsync(HttpRequestMessage request, Boolean async, CancellationToken cancellationToken)
   --- End of inner exception stack trace ---
   at System.Net.Http.HttpConnection.SendAsync(HttpRequestMessage request, Boolean async, CancellationToken cancellationToken)
   at System.Net.Http.AuthenticationHelper.SendWithNtAuthAsync(HttpRequestMessage request, Uri authUri, Boolean async, ICredentials credentials, Boolean isProxyAuth, HttpConnection connection, HttpConnectionPool connectionPool, CancellationToken cancellationToken)
   at System.Net.Http.HttpConnectionPool.SendWithVersionDetectionAndRetryAsync(HttpRequestMessage request, Boolean async, Boolean doRequestAuth, CancellationToken cancellationToken)
   at System.Net.Http.AuthenticationHelper.SendWithAuthAsync(HttpRequestMessage request, Uri authUri, Boolean async, ICredentials credentials, Boolean preAuthenticate, Boolean isProxyAuth, Boolean doRequestAuth, HttpConnectionPool pool, CancellationToken cancellationToken)
   at System.Net.Http.RedirectHandler.SendAsync(HttpRequestMessage request, Boolean async, CancellationToken cancellationToken)
   at GitHub.Services.Common.RawHttpMessageHandler.SendAsync(HttpRequestMessage request, CancellationToken cancellationToken)
   at GitHub.Services.Common.VssHttpRetryMessageHandler.SendAsync(HttpRequestMessage request, CancellationToken cancellationToken)
   at System.Net.Http.HttpClient.<SendAsync>g__Core|83_0(HttpRequestMessage request, HttpCompletionOption completionOption, CancellationTokenSource cts, Boolean disposeCts, CancellationTokenSource pendingRequestsCts, CancellationToken originalCancellationToken)
   --- End of inner exception stack trace ---
   at System.Net.Http.HttpClient.HandleFailure(Exception e, Boolean telemetryStarted, HttpResponseMessage response, CancellationTokenSource cts, CancellationToken cancellationToken, CancellationTokenSource pendingRequestsCts)
   at System.Net.Http.HttpClient.<SendAsync>g__Core|83_0(HttpRequestMessage request, HttpCompletionOption completionOption, CancellationTokenSource cts, Boolean disposeCts, CancellationTokenSource pendingRequestsCts, CancellationToken originalCancellationToken)
   at Sdk.WebApi.WebApi.RawHttpClientBase.SendAsync(HttpRequestMessage message, HttpCompletionOption completionOption, Object userState, CancellationToken cancellationToken)
   at Sdk.WebApi.WebApi.RawHttpClientBase.SendAsync[T](HttpRequestMessage message, Boolean readErrorBody, Object userState, CancellationToken cancellationToken)
   at Sdk.WebApi.WebApi.RawHttpClientBase.SendAsync[T](HttpMethod method, IEnumerable`1 additionalHeaders, Uri requestUri, HttpContent content, IEnumerable`1 queryParameters, Boolean readErrorBody, Object userState, CancellationToken cancellationToken)
   at GitHub.Actions.RunService.WebApi.BrokerHttpClient.GetRunnerMessageAsync(Nullable`1 sessionId, String runnerVersion, Nullable`1 status, String os, String architecture, Nullable`1 disableUpdate, CancellationToken cancellationToken)
   at GitHub.Runner.Common.BrokerServer.<>c__DisplayClass7_0.<<GetRunnerMessageAsync>b__0>d.MoveNext()
--- End of stack trace from previous location ---
   at GitHub.Runner.Common.RunnerService.RetryRequest[T](Func`1 func, CancellationToken cancellationToken, Int32 maxAttempts, Func`2 shouldRetry)
[2025-11-24 09:33:35Z ERR  BrokerServer] #####################################################
[2025-11-24 09:33:35Z ERR  BrokerServer] System.Threading.Tasks.TaskCanceledException: The operation was canceled.
 ---> System.IO.IOException: Unable to read data from the transport connection: The I/O operation has been aborted because of either a thread exit or an application request..
 ---> System.Net.Sockets.SocketException (995): The I/O operation has been aborted because of either a thread exit or an application request.
   --- End of inner exception stack trace ---
   at System.Net.Sockets.Socket.AwaitableSocketAsyncEventArgs.ThrowException(SocketError error, CancellationToken cancellationToken)
   at System.Net.Sockets.Socket.AwaitableSocketAsyncEventArgs.System.Threading.Tasks.Sources.IValueTaskSource<System.Int32>.GetResult(Int16 token)
   at System.Net.Security.SslStream.EnsureFullTlsFrameAsync[TIOAdapter](CancellationToken cancellationToken, Int32 estimatedSize)
   at System.Runtime.CompilerServices.PoolingAsyncValueTaskMethodBuilder`1.StateMachineBox`1.System.Threading.Tasks.Sources.IValueTaskSource<TResult>.GetResult(Int16 token)
   at System.Net.Security.SslStream.ReadAsyncInternal[TIOAdapter](Memory`1 buffer, CancellationToken cancellationToken)
   at System.Runtime.CompilerServices.PoolingAsyncValueTaskMethodBuilder`1.StateMachineBox`1.System.Threading.Tasks.Sources.IValueTaskSource<TResult>.GetResult(Int16 token)
   at System.Net.Http.HttpConnection.SendAsync(HttpRequestMessage request, Boolean async, CancellationToken cancellationToken)
   --- End of inner exception stack trace ---
   at System.Net.Http.HttpConnection.SendAsync(HttpRequestMessage request, Boolean async, CancellationToken cancellationToken)
   at System.Net.Http.AuthenticationHelper.SendWithNtAuthAsync(HttpRequestMessage request, Uri authUri, Boolean async, ICredentials credentials, Boolean isProxyAuth, HttpConnection connection, HttpConnectionPool connectionPool, CancellationToken cancellationToken)
   at System.Net.Http.HttpConnectionPool.SendWithVersionDetectionAndRetryAsync(HttpRequestMessage request, Boolean async, Boolean doRequestAuth, CancellationToken cancellationToken)
   at System.Net.Http.AuthenticationHelper.SendWithAuthAsync(HttpRequestMessage request, Uri authUri, Boolean async, ICredentials credentials, Boolean preAuthenticate, Boolean isProxyAuth, Boolean doRequestAuth, HttpConnectionPool pool, CancellationToken cancellationToken)
   at System.Net.Http.RedirectHandler.SendAsync(HttpRequestMessage request, Boolean async, CancellationToken cancellationToken)
   at GitHub.Services.Common.RawHttpMessageHandler.SendAsync(HttpRequestMessage request, CancellationToken cancellationToken)
   at GitHub.Services.Common.VssHttpRetryMessageHandler.SendAsync(HttpRequestMessage request, CancellationToken cancellationToken)
   at System.Net.Http.HttpClient.<SendAsync>g__Core|83_0(HttpRequestMessage request, HttpCompletionOption completionOption, CancellationTokenSource cts, Boolean disposeCts, CancellationTokenSource pendingRequestsCts, CancellationToken originalCancellationToken)
[2025-11-24 09:33:35Z ERR  BrokerServer] #####################################################
[2025-11-24 09:33:35Z ERR  BrokerServer] System.IO.IOException: Unable to read data from the transport connection: The I/O operation has been aborted because of either a thread exit or an application request..
 ---> System.Net.Sockets.SocketException (995): The I/O operation has been aborted because of either a thread exit or an application request.
   --- End of inner exception stack trace ---
   at System.Net.Sockets.Socket.AwaitableSocketAsyncEventArgs.ThrowException(SocketError error, CancellationToken cancellationToken)
   at System.Net.Sockets.Socket.AwaitableSocketAsyncEventArgs.System.Threading.Tasks.Sources.IValueTaskSource<System.Int32>.GetResult(Int16 token)
   at System.Net.Security.SslStream.EnsureFullTlsFrameAsync[TIOAdapter](CancellationToken cancellationToken, Int32 estimatedSize)
   at System.Runtime.CompilerServices.PoolingAsyncValueTaskMethodBuilder`1.StateMachineBox`1.System.Threading.Tasks.Sources.IValueTaskSource<TResult>.GetResult(Int16 token)
   at System.Net.Security.SslStream.ReadAsyncInternal[TIOAdapter](Memory`1 buffer, CancellationToken cancellationToken)
   at System.Runtime.CompilerServices.PoolingAsyncValueTaskMethodBuilder`1.StateMachineBox`1.System.Threading.Tasks.Sources.IValueTaskSource<TResult>.GetResult(Int16 token)
   at System.Net.Http.HttpConnection.SendAsync(HttpRequestMessage request, Boolean async, CancellationToken cancellationToken)
[2025-11-24 09:33:35Z ERR  BrokerServer] #####################################################
[2025-11-24 09:33:35Z ERR  BrokerServer] System.Net.Sockets.SocketException (995): The I/O operation has been aborted because of either a thread exit or an application request.
[2025-11-24 09:33:35Z WARN BrokerServer] Back off 14.296 seconds before next retry. 4 attempt left.
[2025-11-24 09:33:35Z INFO BrokerMessageListener] Get messages has been cancelled using local token source. Continue to get messages with new status.
[2025-11-24 10:19:23Z WARN GitHubActionsService] Attempt 1 of GET request to https://broker.actions.githubusercontent.com/message?sessionId=360503cb-2c5b-43f5-85ea-51c7fb070877&status=Online&runnerVersion=2.329.0&os=Windows&architecture=X64&disableUpdate=false failed (Socket Error: ConnectionReset). The operation will be retried in 11.198 seconds.
[2025-11-24 10:19:36Z INFO RSAEncryptedFileKeyManager] Loading RSA key parameters from file C:\Users\kartik.a.bhardwaj\Github_action_24-11\actions-runner\.credentials_rsaparams
[2025-11-24 10:19:38Z INFO GitHubActionsService] AAD Correlation ID for this token request: Unknown
[2025-11-24 11:09:56Z INFO RSAEncryptedFileKeyManager] Loading RSA key parameters from file C:\Users\kartik.a.bhardwaj\Github_action_24-11\actions-runner\.credentials_rsaparams
[2025-11-24 11:09:59Z INFO GitHubActionsService] AAD Correlation ID for this token request: Unknown
[2025-11-24 11:09:59Z WARN GitHubActionsService] Retrieving an AAD auth token took a long time (2.7620582 seconds)
[2025-11-24 12:00:16Z INFO RSAEncryptedFileKeyManager] Loading RSA key parameters from file C:\Users\kartik.a.bhardwaj\Github_action_24-11\actions-runner\.credentials_rsaparams
[2025-11-24 12:00:20Z INFO GitHubActionsService] AAD Correlation ID for this token request: Unknown
[2025-11-24 12:00:20Z WARN GitHubActionsService] Retrieving an AAD auth token took a long time (4.2855208 seconds)
[2025-11-24 12:36:24Z WARN GitHubActionsService] GET request to https://broker.actions.githubusercontent.com/message?sessionId=360503cb-2c5b-43f5-85ea-51c7fb070877&status=Online&runnerVersion=2.329.0&os=Windows&architecture=X64&disableUpdate=false timed out after 100 seconds.
[2025-11-24 12:36:24Z ERR  BrokerServer] Catch exception during request
[2025-11-24 12:36:24Z ERR  BrokerServer] System.TimeoutException: The HTTP request timed out after 00:01:40.
 ---> System.Threading.Tasks.TaskCanceledException: The operation was canceled.
 ---> System.IO.IOException: Unable to read data from the transport connection: The I/O operation has been aborted because of either a thread exit or an application request..
 ---> System.Net.Sockets.SocketException (995): The I/O operation has been aborted because of either a thread exit or an application request.
   --- End of inner exception stack trace ---
   at System.Net.Sockets.Socket.AwaitableSocketAsyncEventArgs.System.Threading.Tasks.Sources.IValueTaskSource<System.Int32>.GetResult(Int16 token)
   at System.Net.Security.SslStream.EnsureFullTlsFrameAsync[TIOAdapter](CancellationToken cancellationToken, Int32 estimatedSize)
   at System.Runtime.CompilerServices.PoolingAsyncValueTaskMethodBuilder`1.StateMachineBox`1.System.Threading.Tasks.Sources.IValueTaskSource<TResult>.GetResult(Int16 token)
   at System.Net.Security.SslStream.ReadAsyncInternal[TIOAdapter](Memory`1 buffer, CancellationToken cancellationToken)
   at System.Runtime.CompilerServices.PoolingAsyncValueTaskMethodBuilder`1.StateMachineBox`1.System.Threading.Tasks.Sources.IValueTaskSource<TResult>.GetResult(Int16 token)
   at System.Net.Http.HttpConnection.SendAsync(HttpRequestMessage request, Boolean async, CancellationToken cancellationToken)
   --- End of inner exception stack trace ---
   at System.Net.Http.HttpConnection.SendAsync(HttpRequestMessage request, Boolean async, CancellationToken cancellationToken)
   at System.Net.Http.AuthenticationHelper.SendWithNtAuthAsync(HttpRequestMessage request, Uri authUri, Boolean async, ICredentials credentials, Boolean isProxyAuth, HttpConnection connection, HttpConnectionPool connectionPool, CancellationToken cancellationToken)
   at System.Net.Http.HttpConnectionPool.SendWithVersionDetectionAndRetryAsync(HttpRequestMessage request, Boolean async, Boolean doRequestAuth, CancellationToken cancellationToken)
   at System.Net.Http.AuthenticationHelper.SendWithAuthAsync(HttpRequestMessage request, Uri authUri, Boolean async, ICredentials credentials, Boolean preAuthenticate, Boolean isProxyAuth, Boolean doRequestAuth, HttpConnectionPool pool, CancellationToken cancellationToken)
   at System.Net.Http.RedirectHandler.SendAsync(HttpRequestMessage request, Boolean async, CancellationToken cancellationToken)
   at GitHub.Services.Common.RawHttpMessageHandler.SendAsync(HttpRequestMessage request, CancellationToken cancellationToken)
   --- End of inner exception stack trace ---
   at GitHub.Services.Common.RawHttpMessageHandler.SendAsync(HttpRequestMessage request, CancellationToken cancellationToken)
   at GitHub.Services.Common.VssHttpRetryMessageHandler.SendAsync(HttpRequestMessage request, CancellationToken cancellationToken)
   at System.Net.Http.HttpClient.<SendAsync>g__Core|83_0(HttpRequestMessage request, HttpCompletionOption completionOption, CancellationTokenSource cts, Boolean disposeCts, CancellationTokenSource pendingRequestsCts, CancellationToken originalCancellationToken)
   at Sdk.WebApi.WebApi.RawHttpClientBase.SendAsync(HttpRequestMessage message, HttpCompletionOption completionOption, Object userState, CancellationToken cancellationToken)
   at Sdk.WebApi.WebApi.RawHttpClientBase.SendAsync[T](HttpRequestMessage message, Boolean readErrorBody, Object userState, CancellationToken cancellationToken)
   at Sdk.WebApi.WebApi.RawHttpClientBase.SendAsync[T](HttpMethod method, IEnumerable`1 additionalHeaders, Uri requestUri, HttpContent content, IEnumerable`1 queryParameters, Boolean readErrorBody, Object userState, CancellationToken cancellationToken)
   at GitHub.Actions.RunService.WebApi.BrokerHttpClient.GetRunnerMessageAsync(Nullable`1 sessionId, String runnerVersion, Nullable`1 status, String os, String architecture, Nullable`1 disableUpdate, CancellationToken cancellationToken)
   at GitHub.Runner.Common.BrokerServer.<>c__DisplayClass7_0.<<GetRunnerMessageAsync>b__0>d.MoveNext()
--- End of stack trace from previous location ---
   at GitHub.Runner.Common.RunnerService.RetryRequest[T](Func`1 func, CancellationToken cancellationToken, Int32 maxAttempts, Func`2 shouldRetry)
[2025-11-24 12:36:24Z ERR  BrokerServer] #####################################################
[2025-11-24 12:36:24Z ERR  BrokerServer] System.Threading.Tasks.TaskCanceledException: The operation was canceled.
 ---> System.IO.IOException: Unable to read data from the transport connection: The I/O operation has been aborted because of either a thread exit or an application request..
 ---> System.Net.Sockets.SocketException (995): The I/O operation has been aborted because of either a thread exit or an application request.
   --- End of inner exception stack trace ---
   at System.Net.Sockets.Socket.AwaitableSocketAsyncEventArgs.System.Threading.Tasks.Sources.IValueTaskSource<System.Int32>.GetResult(Int16 token)
   at System.Net.Security.SslStream.EnsureFullTlsFrameAsync[TIOAdapter](CancellationToken cancellationToken, Int32 estimatedSize)
   at System.Runtime.CompilerServices.PoolingAsyncValueTaskMethodBuilder`1.StateMachineBox`1.System.Threading.Tasks.Sources.IValueTaskSource<TResult>.GetResult(Int16 token)
   at System.Net.Security.SslStream.ReadAsyncInternal[TIOAdapter](Memory`1 buffer, CancellationToken cancellationToken)
   at System.Runtime.CompilerServices.PoolingAsyncValueTaskMethodBuilder`1.StateMachineBox`1.System.Threading.Tasks.Sources.IValueTaskSource<TResult>.GetResult(Int16 token)
   at System.Net.Http.HttpConnection.SendAsync(HttpRequestMessage request, Boolean async, CancellationToken cancellationToken)
   --- End of inner exception stack trace ---
   at System.Net.Http.HttpConnection.SendAsync(HttpRequestMessage request, Boolean async, CancellationToken cancellationToken)
   at System.Net.Http.AuthenticationHelper.SendWithNtAuthAsync(HttpRequestMessage request, Uri authUri, Boolean async, ICredentials credentials, Boolean isProxyAuth, HttpConnection connection, HttpConnectionPool connectionPool, CancellationToken cancellationToken)
   at System.Net.Http.HttpConnectionPool.SendWithVersionDetectionAndRetryAsync(HttpRequestMessage request, Boolean async, Boolean doRequestAuth, CancellationToken cancellationToken)
   at System.Net.Http.AuthenticationHelper.SendWithAuthAsync(HttpRequestMessage request, Uri authUri, Boolean async, ICredentials credentials, Boolean preAuthenticate, Boolean isProxyAuth, Boolean doRequestAuth, HttpConnectionPool pool, CancellationToken cancellationToken)
   at System.Net.Http.RedirectHandler.SendAsync(HttpRequestMessage request, Boolean async, CancellationToken cancellationToken)
   at GitHub.Services.Common.RawHttpMessageHandler.SendAsync(HttpRequestMessage request, CancellationToken cancellationToken)
[2025-11-24 12:36:24Z ERR  BrokerServer] #####################################################
[2025-11-24 12:36:24Z ERR  BrokerServer] System.IO.IOException: Unable to read data from the transport connection: The I/O operation has been aborted because of either a thread exit or an application request..
 ---> System.Net.Sockets.SocketException (995): The I/O operation has been aborted because of either a thread exit or an application request.
   --- End of inner exception stack trace ---
   at System.Net.Sockets.Socket.AwaitableSocketAsyncEventArgs.System.Threading.Tasks.Sources.IValueTaskSource<System.Int32>.GetResult(Int16 token)
   at System.Net.Security.SslStream.EnsureFullTlsFrameAsync[TIOAdapter](CancellationToken cancellationToken, Int32 estimatedSize)
   at System.Runtime.CompilerServices.PoolingAsyncValueTaskMethodBuilder`1.StateMachineBox`1.System.Threading.Tasks.Sources.IValueTaskSource<TResult>.GetResult(Int16 token)
   at System.Net.Security.SslStream.ReadAsyncInternal[TIOAdapter](Memory`1 buffer, CancellationToken cancellationToken)
   at System.Runtime.CompilerServices.PoolingAsyncValueTaskMethodBuilder`1.StateMachineBox`1.System.Threading.Tasks.Sources.IValueTaskSource<TResult>.GetResult(Int16 token)
   at System.Net.Http.HttpConnection.SendAsync(HttpRequestMessage request, Boolean async, CancellationToken cancellationToken)
[2025-11-24 12:36:24Z ERR  BrokerServer] #####################################################
[2025-11-24 12:36:24Z ERR  BrokerServer] System.Net.Sockets.SocketException (995): The I/O operation has been aborted because of either a thread exit or an application request.
[2025-11-24 12:36:24Z WARN BrokerServer] Back off 5.236 seconds before next retry. 4 attempt left.
[2025-11-24 12:36:29Z ERR  GitHubActionsService] GET request to https://broker.actions.githubusercontent.com/message?sessionId=360503cb-2c5b-43f5-85ea-51c7fb070877&status=Online&runnerVersion=2.329.0&os=Windows&architecture=X64&disableUpdate=false failed. System.Net.Http.HttpRequestException: No such host is known. (broker.actions.githubusercontent.com:443)
 ---> System.Net.Sockets.SocketException (11001): No such host is known.
   at System.Net.Sockets.Socket.AwaitableSocketAsyncEventArgs.ThrowException(SocketError error, CancellationToken cancellationToken)
   at System.Net.Sockets.Socket.AwaitableSocketAsyncEventArgs.System.Threading.Tasks.Sources.IValueTaskSource.GetResult(Int16 token)
   at System.Net.Sockets.Socket.<ConnectAsync>g__WaitForConnectWithCancellation|285_0(AwaitableSocketAsyncEventArgs saea, ValueTask connectTask, CancellationToken cancellationToken)
   at System.Net.Http.HttpConnectionPool.ConnectToTcpHostAsync(String host, Int32 port, HttpRequestMessage initialRequest, Boolean async, CancellationToken cancellationToken)
   --- End of inner exception stack trace ---
   at System.Net.Http.HttpConnectionPool.ConnectToTcpHostAsync(String host, Int32 port, HttpRequestMessage initialRequest, Boolean async, CancellationToken cancellationToken)
   at System.Net.Http.HttpConnectionPool.ConnectAsync(HttpRequestMessage request, Boolean async, CancellationToken cancellationToken)
   at System.Net.Http.HttpConnectionPool.CreateHttp11ConnectionAsync(HttpRequestMessage request, Boolean async, CancellationToken cancellationToken)
   at System.Net.Http.HttpConnectionPool.AddHttp11ConnectionAsync(QueueItem queueItem)
   at System.Threading.Tasks.TaskCompletionSourceWithCancellation`1.WaitWithCancellationAsync(CancellationToken cancellationToken)
   at System.Net.Http.HttpConnectionPool.SendWithVersionDetectionAndRetryAsync(HttpRequestMessage request, Boolean async, Boolean doRequestAuth, CancellationToken cancellationToken)
   at System.Net.Http.AuthenticationHelper.SendWithAuthAsync(HttpRequestMessage request, Uri authUri, Boolean async, ICredentials credentials, Boolean preAuthenticate, Boolean isProxyAuth, Boolean doRequestAuth, HttpConnectionPool pool, CancellationToken cancellationToken)
   at System.Net.Http.RedirectHandler.SendAsync(HttpRequestMessage request, Boolean async, CancellationToken cancellationToken)
   at GitHub.Services.Common.RawHttpMessageHandler.SendAsync(HttpRequestMessage request, CancellationToken cancellationToken)
   at GitHub.Services.Common.VssHttpRetryMessageHandler.SendAsync(HttpRequestMessage request, CancellationToken cancellationToken)
[2025-11-24 12:36:29Z ERR  BrokerServer] Catch exception during request
[2025-11-24 12:36:29Z ERR  BrokerServer] System.Net.Http.HttpRequestException: No such host is known. (broker.actions.githubusercontent.com:443)
 ---> System.Net.Sockets.SocketException (11001): No such host is known.
   at System.Net.Sockets.Socket.AwaitableSocketAsyncEventArgs.ThrowException(SocketError error, CancellationToken cancellationToken)
   at System.Net.Sockets.Socket.AwaitableSocketAsyncEventArgs.System.Threading.Tasks.Sources.IValueTaskSource.GetResult(Int16 token)
   at System.Net.Sockets.Socket.<ConnectAsync>g__WaitForConnectWithCancellation|285_0(AwaitableSocketAsyncEventArgs saea, ValueTask connectTask, CancellationToken cancellationToken)
   at System.Net.Http.HttpConnectionPool.ConnectToTcpHostAsync(String host, Int32 port, HttpRequestMessage initialRequest, Boolean async, CancellationToken cancellationToken)
   --- End of inner exception stack trace ---
   at GitHub.Services.Common.VssHttpRetryMessageHandler.SendAsync(HttpRequestMessage request, CancellationToken cancellationToken)
   at System.Net.Http.HttpClient.<SendAsync>g__Core|83_0(HttpRequestMessage request, HttpCompletionOption completionOption, CancellationTokenSource cts, Boolean disposeCts, CancellationTokenSource pendingRequestsCts, CancellationToken originalCancellationToken)
   at Sdk.WebApi.WebApi.RawHttpClientBase.SendAsync(HttpRequestMessage message, HttpCompletionOption completionOption, Object userState, CancellationToken cancellationToken)
   at Sdk.WebApi.WebApi.RawHttpClientBase.SendAsync[T](HttpRequestMessage message, Boolean readErrorBody, Object userState, CancellationToken cancellationToken)
   at Sdk.WebApi.WebApi.RawHttpClientBase.SendAsync[T](HttpMethod method, IEnumerable`1 additionalHeaders, Uri requestUri, HttpContent content, IEnumerable`1 queryParameters, Boolean readErrorBody, Object userState, CancellationToken cancellationToken)
   at GitHub.Actions.RunService.WebApi.BrokerHttpClient.GetRunnerMessageAsync(Nullable`1 sessionId, String runnerVersion, Nullable`1 status, String os, String architecture, Nullable`1 disableUpdate, CancellationToken cancellationToken)
   at GitHub.Runner.Common.BrokerServer.<>c__DisplayClass7_0.<<GetRunnerMessageAsync>b__0>d.MoveNext()
--- End of stack trace from previous location ---
   at GitHub.Runner.Common.RunnerService.RetryRequest[T](Func`1 func, CancellationToken cancellationToken, Int32 maxAttempts, Func`2 shouldRetry)
[2025-11-24 12:36:29Z ERR  BrokerServer] #####################################################
[2025-11-24 12:36:29Z ERR  BrokerServer] System.Net.Sockets.SocketException (11001): No such host is known.
   at System.Net.Sockets.Socket.AwaitableSocketAsyncEventArgs.ThrowException(SocketError error, CancellationToken cancellationToken)
   at System.Net.Sockets.Socket.AwaitableSocketAsyncEventArgs.System.Threading.Tasks.Sources.IValueTaskSource.GetResult(Int16 token)
   at System.Net.Sockets.Socket.<ConnectAsync>g__WaitForConnectWithCancellation|285_0(AwaitableSocketAsyncEventArgs saea, ValueTask connectTask, CancellationToken cancellationToken)
   at System.Net.Http.HttpConnectionPool.ConnectToTcpHostAsync(String host, Int32 port, HttpRequestMessage initialRequest, Boolean async, CancellationToken cancellationToken)
[2025-11-24 12:36:29Z WARN BrokerServer] Back off 11.333 seconds before next retry. 3 attempt left.
[2025-11-24 12:36:40Z ERR  GitHubActionsService] GET request to https://broker.actions.githubusercontent.com/message?sessionId=360503cb-2c5b-43f5-85ea-51c7fb070877&status=Online&runnerVersion=2.329.0&os=Windows&architecture=X64&disableUpdate=false failed. System.Net.Http.HttpRequestException: No such host is known. (broker.actions.githubusercontent.com:443)
 ---> System.Net.Sockets.SocketException (11001): No such host is known.
   at System.Net.Sockets.Socket.AwaitableSocketAsyncEventArgs.ThrowException(SocketError error, CancellationToken cancellationToken)
   at System.Net.Sockets.Socket.AwaitableSocketAsyncEventArgs.System.Threading.Tasks.Sources.IValueTaskSource.GetResult(Int16 token)
   at System.Net.Sockets.Socket.<ConnectAsync>g__WaitForConnectWithCancellation|285_0(AwaitableSocketAsyncEventArgs saea, ValueTask connectTask, CancellationToken cancellationToken)
   at System.Net.Http.HttpConnectionPool.ConnectToTcpHostAsync(String host, Int32 port, HttpRequestMessage initialRequest, Boolean async, CancellationToken cancellationToken)
   --- End of inner exception stack trace ---
   at System.Net.Http.HttpConnectionPool.ConnectToTcpHostAsync(String host, Int32 port, HttpRequestMessage initialRequest, Boolean async, CancellationToken cancellationToken)
   at System.Net.Http.HttpConnectionPool.ConnectAsync(HttpRequestMessage request, Boolean async, CancellationToken cancellationToken)
   at System.Net.Http.HttpConnectionPool.CreateHttp11ConnectionAsync(HttpRequestMessage request, Boolean async, CancellationToken cancellationToken)
   at System.Net.Http.HttpConnectionPool.AddHttp11ConnectionAsync(QueueItem queueItem)
   at System.Threading.Tasks.TaskCompletionSourceWithCancellation`1.WaitWithCancellationAsync(CancellationToken cancellationToken)
   at System.Net.Http.HttpConnectionPool.SendWithVersionDetectionAndRetryAsync(HttpRequestMessage request, Boolean async, Boolean doRequestAuth, CancellationToken cancellationToken)
   at System.Net.Http.AuthenticationHelper.SendWithAuthAsync(HttpRequestMessage request, Uri authUri, Boolean async, ICredentials credentials, Boolean preAuthenticate, Boolean isProxyAuth, Boolean doRequestAuth, HttpConnectionPool pool, CancellationToken cancellationToken)
   at System.Net.Http.RedirectHandler.SendAsync(HttpRequestMessage request, Boolean async, CancellationToken cancellationToken)
   at GitHub.Services.Common.RawHttpMessageHandler.SendAsync(HttpRequestMessage request, CancellationToken cancellationToken)
   at GitHub.Services.Common.VssHttpRetryMessageHandler.SendAsync(HttpRequestMessage request, CancellationToken cancellationToken)
[2025-11-24 12:36:40Z ERR  BrokerServer] Catch exception during request
[2025-11-24 12:36:40Z ERR  BrokerServer] System.Net.Http.HttpRequestException: No such host is known. (broker.actions.githubusercontent.com:443)
 ---> System.Net.Sockets.SocketException (11001): No such host is known.
   at System.Net.Sockets.Socket.AwaitableSocketAsyncEventArgs.ThrowException(SocketError error, CancellationToken cancellationToken)
   at System.Net.Sockets.Socket.AwaitableSocketAsyncEventArgs.System.Threading.Tasks.Sources.IValueTaskSource.GetResult(Int16 token)
   at System.Net.Sockets.Socket.<ConnectAsync>g__WaitForConnectWithCancellation|285_0(AwaitableSocketAsyncEventArgs saea, ValueTask connectTask, CancellationToken cancellationToken)
   at System.Net.Http.HttpConnectionPool.ConnectToTcpHostAsync(String host, Int32 port, HttpRequestMessage initialRequest, Boolean async, CancellationToken cancellationToken)
   --- End of inner exception stack trace ---
   at GitHub.Services.Common.VssHttpRetryMessageHandler.SendAsync(HttpRequestMessage request, CancellationToken cancellationToken)
   at System.Net.Http.HttpClient.<SendAsync>g__Core|83_0(HttpRequestMessage request, HttpCompletionOption completionOption, CancellationTokenSource cts, Boolean disposeCts, CancellationTokenSource pendingRequestsCts, CancellationToken originalCancellationToken)
   at Sdk.WebApi.WebApi.RawHttpClientBase.SendAsync(HttpRequestMessage message, HttpCompletionOption completionOption, Object userState, CancellationToken cancellationToken)
   at Sdk.WebApi.WebApi.RawHttpClientBase.SendAsync[T](HttpRequestMessage message, Boolean readErrorBody, Object userState, CancellationToken cancellationToken)
   at Sdk.WebApi.WebApi.RawHttpClientBase.SendAsync[T](HttpMethod method, IEnumerable`1 additionalHeaders, Uri requestUri, HttpContent content, IEnumerable`1 queryParameters, Boolean readErrorBody, Object userState, CancellationToken cancellationToken)
   at GitHub.Actions.RunService.WebApi.BrokerHttpClient.GetRunnerMessageAsync(Nullable`1 sessionId, String runnerVersion, Nullable`1 status, String os, String architecture, Nullable`1 disableUpdate, CancellationToken cancellationToken)
   at GitHub.Runner.Common.BrokerServer.<>c__DisplayClass7_0.<<GetRunnerMessageAsync>b__0>d.MoveNext()
--- End of stack trace from previous location ---
   at GitHub.Runner.Common.RunnerService.RetryRequest[T](Func`1 func, CancellationToken cancellationToken, Int32 maxAttempts, Func`2 shouldRetry)
[2025-11-24 12:36:40Z ERR  BrokerServer] #####################################################
[2025-11-24 12:36:40Z ERR  BrokerServer] System.Net.Sockets.SocketException (11001): No such host is known.
   at System.Net.Sockets.Socket.AwaitableSocketAsyncEventArgs.ThrowException(SocketError error, CancellationToken cancellationToken)
   at System.Net.Sockets.Socket.AwaitableSocketAsyncEventArgs.System.Threading.Tasks.Sources.IValueTaskSource.GetResult(Int16 token)
   at System.Net.Sockets.Socket.<ConnectAsync>g__WaitForConnectWithCancellation|285_0(AwaitableSocketAsyncEventArgs saea, ValueTask connectTask, CancellationToken cancellationToken)
   at System.Net.Http.HttpConnectionPool.ConnectToTcpHostAsync(String host, Int32 port, HttpRequestMessage initialRequest, Boolean async, CancellationToken cancellationToken)
[2025-11-24 12:36:40Z WARN BrokerServer] Back off 10.735 seconds before next retry. 2 attempt left.
[2025-11-24 12:51:08Z INFO RSAEncryptedFileKeyManager] Loading RSA key parameters from file C:\Users\kartik.a.bhardwaj\Github_action_24-11\actions-runner\.credentials_rsaparams
[2025-11-24 12:51:09Z INFO GitHubActionsService] AAD Correlation ID for this token request: Unknown
[2025-11-25 05:03:15Z ERR  GitHubActionsService] GET request to https://broker.actions.githubusercontent.com/message?sessionId=360503cb-2c5b-43f5-85ea-51c7fb070877&status=Online&runnerVersion=2.329.0&os=Windows&architecture=X64&disableUpdate=false failed. System.Net.Http.HttpRequestException: No such host is known. (broker.actions.githubusercontent.com:443)
 ---> System.Net.Sockets.SocketException (11001): No such host is known.
   at System.Net.Sockets.Socket.AwaitableSocketAsyncEventArgs.ThrowException(SocketError error, CancellationToken cancellationToken)
   at System.Net.Sockets.Socket.AwaitableSocketAsyncEventArgs.System.Threading.Tasks.Sources.IValueTaskSource.GetResult(Int16 token)
   at System.Net.Sockets.Socket.<ConnectAsync>g__WaitForConnectWithCancellation|285_0(AwaitableSocketAsyncEventArgs saea, ValueTask connectTask, CancellationToken cancellationToken)
   at System.Net.Http.HttpConnectionPool.ConnectToTcpHostAsync(String host, Int32 port, HttpRequestMessage initialRequest, Boolean async, CancellationToken cancellationToken)
   --- End of inner exception stack trace ---
   at System.Net.Http.HttpConnectionPool.ConnectToTcpHostAsync(String host, Int32 port, HttpRequestMessage initialRequest, Boolean async, CancellationToken cancellationToken)
   at System.Net.Http.HttpConnectionPool.ConnectAsync(HttpRequestMessage request, Boolean async, CancellationToken cancellationToken)
   at System.Net.Http.HttpConnectionPool.CreateHttp11ConnectionAsync(HttpRequestMessage request, Boolean async, CancellationToken cancellationToken)
   at System.Net.Http.HttpConnectionPool.AddHttp11ConnectionAsync(QueueItem queueItem)
   at System.Threading.Tasks.TaskCompletionSourceWithCancellation`1.WaitWithCancellationAsync(CancellationToken cancellationToken)
   at System.Net.Http.HttpConnectionPool.SendWithVersionDetectionAndRetryAsync(HttpRequestMessage request, Boolean async, Boolean doRequestAuth, CancellationToken cancellationToken)
   at System.Net.Http.AuthenticationHelper.SendWithAuthAsync(HttpRequestMessage request, Uri authUri, Boolean async, ICredentials credentials, Boolean preAuthenticate, Boolean isProxyAuth, Boolean doRequestAuth, HttpConnectionPool pool, CancellationToken cancellationToken)
   at System.Net.Http.RedirectHandler.SendAsync(HttpRequestMessage request, Boolean async, CancellationToken cancellationToken)
   at GitHub.Services.Common.RawHttpMessageHandler.SendAsync(HttpRequestMessage request, CancellationToken cancellationToken)
   at GitHub.Services.Common.VssHttpRetryMessageHandler.SendAsync(HttpRequestMessage request, CancellationToken cancellationToken)
[2025-11-25 05:03:15Z ERR  BrokerServer] Catch exception during request
[2025-11-25 05:03:15Z ERR  BrokerServer] System.Net.Http.HttpRequestException: No such host is known. (broker.actions.githubusercontent.com:443)
 ---> System.Net.Sockets.SocketException (11001): No such host is known.
   at System.Net.Sockets.Socket.AwaitableSocketAsyncEventArgs.ThrowException(SocketError error, CancellationToken cancellationToken)
   at System.Net.Sockets.Socket.AwaitableSocketAsyncEventArgs.System.Threading.Tasks.Sources.IValueTaskSource.GetResult(Int16 token)
   at System.Net.Sockets.Socket.<ConnectAsync>g__WaitForConnectWithCancellation|285_0(AwaitableSocketAsyncEventArgs saea, ValueTask connectTask, CancellationToken cancellationToken)
   at System.Net.Http.HttpConnectionPool.ConnectToTcpHostAsync(String host, Int32 port, HttpRequestMessage initialRequest, Boolean async, CancellationToken cancellationToken)
   --- End of inner exception stack trace ---
   at GitHub.Services.Common.VssHttpRetryMessageHandler.SendAsync(HttpRequestMessage request, CancellationToken cancellationToken)
   at System.Net.Http.HttpClient.<SendAsync>g__Core|83_0(HttpRequestMessage request, HttpCompletionOption completionOption, CancellationTokenSource cts, Boolean disposeCts, CancellationTokenSource pendingRequestsCts, CancellationToken originalCancellationToken)
   at Sdk.WebApi.WebApi.RawHttpClientBase.SendAsync(HttpRequestMessage message, HttpCompletionOption completionOption, Object userState, CancellationToken cancellationToken)
   at Sdk.WebApi.WebApi.RawHttpClientBase.SendAsync[T](HttpRequestMessage message, Boolean readErrorBody, Object userState, CancellationToken cancellationToken)
   at Sdk.WebApi.WebApi.RawHttpClientBase.SendAsync[T](HttpMethod method, IEnumerable`1 additionalHeaders, Uri requestUri, HttpContent content, IEnumerable`1 queryParameters, Boolean readErrorBody, Object userState, CancellationToken cancellationToken)
   at GitHub.Actions.RunService.WebApi.BrokerHttpClient.GetRunnerMessageAsync(Nullable`1 sessionId, String runnerVersion, Nullable`1 status, String os, String architecture, Nullable`1 disableUpdate, CancellationToken cancellationToken)
   at GitHub.Runner.Common.BrokerServer.<>c__DisplayClass7_0.<<GetRunnerMessageAsync>b__0>d.MoveNext()
--- End of stack trace from previous location ---
   at GitHub.Runner.Common.RunnerService.RetryRequest[T](Func`1 func, CancellationToken cancellationToken, Int32 maxAttempts, Func`2 shouldRetry)
[2025-11-25 05:03:15Z ERR  BrokerServer] #####################################################
[2025-11-25 05:03:15Z ERR  BrokerServer] System.Net.Sockets.SocketException (11001): No such host is known.
   at System.Net.Sockets.Socket.AwaitableSocketAsyncEventArgs.ThrowException(SocketError error, CancellationToken cancellationToken)
   at System.Net.Sockets.Socket.AwaitableSocketAsyncEventArgs.System.Threading.Tasks.Sources.IValueTaskSource.GetResult(Int16 token)
   at System.Net.Sockets.Socket.<ConnectAsync>g__WaitForConnectWithCancellation|285_0(AwaitableSocketAsyncEventArgs saea, ValueTask connectTask, CancellationToken cancellationToken)
   at System.Net.Http.HttpConnectionPool.ConnectToTcpHostAsync(String host, Int32 port, HttpRequestMessage initialRequest, Boolean async, CancellationToken cancellationToken)
[2025-11-25 05:03:15Z WARN BrokerServer] Back off 10.173 seconds before next retry. 4 attempt left.
[2025-11-25 05:03:28Z INFO RSAEncryptedFileKeyManager] Loading RSA key parameters from file C:\Users\kartik.a.bhardwaj\Github_action_24-11\actions-runner\.credentials_rsaparams
[2025-11-25 05:03:30Z INFO GitHubActionsService] AAD Correlation ID for this token request: Unknown
[2025-11-25 05:06:09Z INFO Runner] Received RunnerRefreshConfigMessage for 'runner' config file
[2025-11-25 05:06:09Z INFO RunnerConfigUpdater] Verifying runner qualified id: U_kgDOA9B3NA/R_kgDOQb2u7w/self-hosted/2
[2025-11-25 05:06:09Z INFO HostContext] Well known directory 'Bin': 'C:\Users\kartik.a.bhardwaj\Github_action_24-11\actions-runner\bin'
[2025-11-25 05:06:09Z INFO HostContext] Well known directory 'Root': 'C:\Users\kartik.a.bhardwaj\Github_action_24-11\actions-runner'
[2025-11-25 05:06:09Z INFO HostContext] Well known config file 'Runner': 'C:\Users\kartik.a.bhardwaj\Github_action_24-11\actions-runner\.runner'
[2025-11-25 05:06:10Z INFO RSAEncryptedFileKeyManager] Loading RSA key parameters from file C:\Users\kartik.a.bhardwaj\Github_action_24-11\actions-runner\.credentials_rsaparams
[2025-11-25 05:06:10Z INFO RSAEncryptedFileKeyManager] Loading RSA key parameters from file C:\Users\kartik.a.bhardwaj\Github_action_24-11\actions-runner\.credentials_rsaparams
[2025-11-25 05:06:11Z INFO GitHubActionsService] AAD Correlation ID for this token request: Unknown
[2025-11-25 05:06:11Z INFO ConfigurationStore] Saving runner migrated settings
[2025-11-25 05:06:11Z INFO ConfigurationStore] Migrated Settings Saved.
[2025-11-25 05:06:11Z INFO Runner] Runner configuration was updated. Session restart has been scheduled
[2025-11-25 05:06:11Z INFO Runner] Pending session restart detected and job dispatcher is not busy. Restarting session now.
[2025-11-25 05:06:11Z INFO JobDispatcher] Shutting down JobDispatcher. Make sure all WorkerDispatcher has finished.
[2025-11-25 05:06:11Z INFO JobDispatcher] Ensure WorkerDispatcher for job 5d056854-c211-58d0-907f-58e0ef9c76f1 run to finish, cancel any running job.
[2025-11-25 05:06:11Z INFO JobDispatcher] Job request 5d056854-c211-58d0-907f-58e0ef9c76f1 processed succeed.
[2025-11-25 05:06:11Z INFO Runner] Deleting Runner Session...
[2025-11-25 05:06:12Z INFO Runner] Restarting runner session after config update...
[2025-11-25 05:06:12Z INFO Runner] Runner configuration was refreshed, restarting session...
[2025-11-25 05:06:12Z INFO ConfigurationManager] LoadSettings
[2025-11-25 05:06:12Z INFO ConfigurationStore] IsConfigured()
[2025-11-25 05:06:12Z INFO ConfigurationStore] IsConfigured: True
[2025-11-25 05:06:12Z INFO ConfigurationManager] Is configured: True
[2025-11-25 05:06:12Z INFO ConfigurationManager] Settings Loaded
[2025-11-25 05:06:12Z INFO Runner] RunAsync
[2025-11-25 05:06:12Z INFO ConfigurationManager] LoadMigratedSettings
[2025-11-25 05:06:12Z INFO ConfigurationStore] IsMigratedConfigured()
[2025-11-25 05:06:12Z INFO ConfigurationStore] IsMigratedConfigured: True
[2025-11-25 05:06:12Z INFO ConfigurationStore] Read migrated setting file: 405 chars
[2025-11-25 05:06:12Z INFO ConfigurationManager] Migrated Settings Loaded
[2025-11-25 05:06:12Z INFO Runner] Loaded migrated settings from .runner_migrated file
[2025-11-25 05:06:12Z INFO Runner] {
  "AgentId": 2,
  "AgentName": "demo",
  "PoolId": 1,
  "PoolName": "Default",
  "ServerUrl": "https://pipelinesghubeus23.actions.githubusercontent.com/zY0EQsxve8yuViIbETigPhNomdEGE82gHgYPQpzUVI0dksVSDN/",
  "GitHubUrl": "https://github.com/KARTIKBHARDWAJ627/Github_action_24-11",
  "WorkFolder": "_work",
  "UseV2Flow": true,
  "ServerUrlV2": "https://broker.actions.githubusercontent.com/"
}
[2025-11-25 05:06:12Z INFO Runner] Attempting to create session using migrated settings
[2025-11-25 05:06:12Z INFO Runner] Using BrokerMessageListener
[2025-11-25 05:06:12Z INFO BrokerMessageListener] Using provided settings
[2025-11-25 05:06:12Z INFO BrokerMessageListener] Using migrated settings from .runner_migrated
[2025-11-25 05:06:12Z INFO BrokerMessageListener] {
  "AgentId": 2,
  "AgentName": "demo",
  "PoolId": 1,
  "PoolName": "Default",
  "ServerUrl": "https://pipelinesghubeus23.actions.githubusercontent.com/zY0EQsxve8yuViIbETigPhNomdEGE82gHgYPQpzUVI0dksVSDN/",
  "GitHubUrl": "https://github.com/KARTIKBHARDWAJ627/Github_action_24-11",
  "WorkFolder": "_work",
  "UseV2Flow": true,
  "ServerUrlV2": "https://broker.actions.githubusercontent.com/"
}
[2025-11-25 05:06:12Z INFO BrokerMessageListener] Loading Credentials
[2025-11-25 05:06:12Z INFO ConfigurationStore] HasCredentials()
[2025-11-25 05:06:12Z INFO ConfigurationStore] stored True
[2025-11-25 05:06:12Z INFO CredentialManager] GetCredentialProvider
[2025-11-25 05:06:12Z INFO CredentialManager] Creating type OAuth
[2025-11-25 05:06:12Z INFO CredentialManager] Creating credential type: OAuth
[2025-11-25 05:06:12Z INFO RSAEncryptedFileKeyManager] Loading RSA key parameters from file C:\Users\kartik.a.bhardwaj\Github_action_24-11\actions-runner\.credentials_rsaparams
[2025-11-25 05:06:12Z INFO BrokerMessageListener] Attempt to create session.
[2025-11-25 05:06:12Z INFO BrokerMessageListener] Connecting to the Broker Server...
[2025-11-25 05:06:12Z INFO ConfigurationStore] HasCredentials()
[2025-11-25 05:06:12Z INFO ConfigurationStore] stored True
[2025-11-25 05:06:12Z INFO CredentialManager] GetCredentialProvider
[2025-11-25 05:06:12Z INFO CredentialManager] Creating type OAuth
[2025-11-25 05:06:12Z INFO CredentialManager] Creating credential type: OAuth
[2025-11-25 05:06:12Z INFO RSAEncryptedFileKeyManager] Loading RSA key parameters from file C:\Users\kartik.a.bhardwaj\Github_action_24-11\actions-runner\.credentials_rsaparams
[2025-11-25 05:06:12Z INFO BrokerMessageListener] VssConnection created
[2025-11-25 05:06:12Z INFO BrokerMessageListener] Connecting to the Runner server...
[2025-11-25 05:06:12Z INFO RunnerServer] EstablishVssConnection
[2025-11-25 05:06:12Z INFO RunnerServer] Establish connection with 100 seconds timeout.
[2025-11-25 05:06:12Z INFO GitHubActionsService] Starting operation Location.GetConnectionData
[2025-11-25 05:06:12Z INFO RunnerServer] EstablishVssConnection
[2025-11-25 05:06:12Z INFO RunnerServer] Establish connection with 60 seconds timeout.
[2025-11-25 05:06:12Z INFO GitHubActionsService] Starting operation Location.GetConnectionData
[2025-11-25 05:06:12Z INFO RunnerServer] EstablishVssConnection
[2025-11-25 05:06:12Z INFO RunnerServer] Establish connection with 60 seconds timeout.
[2025-11-25 05:06:12Z INFO GitHubActionsService] Starting operation Location.GetConnectionData
[2025-11-25 05:06:14Z INFO GitHubActionsService] Finished operation Location.GetConnectionData
[2025-11-25 05:06:14Z INFO GitHubActionsService] Finished operation Location.GetConnectionData
[2025-11-25 05:06:14Z INFO GitHubActionsService] Finished operation Location.GetConnectionData
[2025-11-25 05:06:15Z INFO BrokerMessageListener] VssConnection created
[2025-11-25 05:06:15Z INFO Terminal] WRITE LINE: 
[2025-11-25 05:06:15Z INFO Terminal] WRITE LINE: 
[2025-11-25 05:06:15Z INFO RSAEncryptedFileKeyManager] Loading RSA key parameters from file C:\Users\kartik.a.bhardwaj\Github_action_24-11\actions-runner\.credentials_rsaparams
[2025-11-25 05:06:15Z INFO RSAEncryptedFileKeyManager] Loading RSA key parameters from file C:\Users\kartik.a.bhardwaj\Github_action_24-11\actions-runner\.credentials_rsaparams
[2025-11-25 05:06:15Z INFO GitHubActionsService] AAD Correlation ID for this token request: Unknown
[2025-11-25 05:06:16Z INFO BrokerMessageListener] Session created.
[2025-11-25 05:06:16Z INFO Runner] Successfully created session with migrated settings
[2025-11-25 05:06:16Z INFO Terminal] WRITE LINE: Current runner version: '2.329.0'
[2025-11-25 05:06:16Z INFO Terminal] WRITE LINE: 2025-11-25 05:06:16Z: Listening for Jobs
[2025-11-25 05:06:16Z INFO JobDispatcher] Set runner/worker IPC timeout to 30 seconds.
[2025-11-25 05:21:58Z INFO HostContext] Runner will be shutdown for UserCancelled
[2025-11-25 05:21:58Z WARN GitHubActionsService] GET request to https://broker.actions.githubusercontent.com/message?sessionId=283d2cbf-e4e2-4dac-ab99-59c3e2ebba06&status=Online&runnerVersion=2.329.0&os=Windows&architecture=X64&disableUpdate=false has been cancelled.
[2025-11-25 05:21:58Z ERR  BrokerServer] Catch exception during request
[2025-11-25 05:21:58Z ERR  BrokerServer] System.Threading.Tasks.TaskCanceledException: The operation was canceled.
 ---> System.Threading.Tasks.TaskCanceledException: The operation was canceled.
 ---> System.IO.IOException: Unable to read data from the transport connection: The I/O operation has been aborted because of either a thread exit or an application request..
 ---> System.Net.Sockets.SocketException (995): The I/O operation has been aborted because of either a thread exit or an application request.
   --- End of inner exception stack trace ---
   at System.Net.Sockets.Socket.AwaitableSocketAsyncEventArgs.System.Threading.Tasks.Sources.IValueTaskSource<System.Int32>.GetResult(Int16 token)
   at System.Net.Security.SslStream.EnsureFullTlsFrameAsync[TIOAdapter](CancellationToken cancellationToken, Int32 estimatedSize)
   at System.Runtime.CompilerServices.PoolingAsyncValueTaskMethodBuilder`1.StateMachineBox`1.System.Threading.Tasks.Sources.IValueTaskSource<TResult>.GetResult(Int16 token)
   at System.Net.Security.SslStream.ReadAsyncInternal[TIOAdapter](Memory`1 buffer, CancellationToken cancellationToken)
   at System.Runtime.CompilerServices.PoolingAsyncValueTaskMethodBuilder`1.StateMachineBox`1.System.Threading.Tasks.Sources.IValueTaskSource<TResult>.GetResult(Int16 token)
   at System.Net.Http.HttpConnection.SendAsync(HttpRequestMessage request, Boolean async, CancellationToken cancellationToken)
   --- End of inner exception stack trace ---
   at System.Net.Http.HttpConnection.SendAsync(HttpRequestMessage request, Boolean async, CancellationToken cancellationToken)
   at System.Net.Http.AuthenticationHelper.SendWithNtAuthAsync(HttpRequestMessage request, Uri authUri, Boolean async, ICredentials credentials, Boolean isProxyAuth, HttpConnection connection, HttpConnectionPool connectionPool, CancellationToken cancellationToken)
   at System.Net.Http.HttpConnectionPool.SendWithVersionDetectionAndRetryAsync(HttpRequestMessage request, Boolean async, Boolean doRequestAuth, CancellationToken cancellationToken)
   at System.Net.Http.AuthenticationHelper.SendWithAuthAsync(HttpRequestMessage request, Uri authUri, Boolean async, ICredentials credentials, Boolean preAuthenticate, Boolean isProxyAuth, Boolean doRequestAuth, HttpConnectionPool pool, CancellationToken cancellationToken)
   at System.Net.Http.RedirectHandler.SendAsync(HttpRequestMessage request, Boolean async, CancellationToken cancellationToken)
   at GitHub.Services.Common.RawHttpMessageHandler.SendAsync(HttpRequestMessage request, CancellationToken cancellationToken)
   at GitHub.Services.Common.VssHttpRetryMessageHandler.SendAsync(HttpRequestMessage request, CancellationToken cancellationToken)
   at System.Net.Http.HttpClient.<SendAsync>g__Core|83_0(HttpRequestMessage request, HttpCompletionOption completionOption, CancellationTokenSource cts, Boolean disposeCts, CancellationTokenSource pendingRequestsCts, CancellationToken originalCancellationToken)
   --- End of inner exception stack trace ---
   at System.Net.Http.HttpClient.HandleFailure(Exception e, Boolean telemetryStarted, HttpResponseMessage response, CancellationTokenSource cts, CancellationToken cancellationToken, CancellationTokenSource pendingRequestsCts)
   at System.Net.Http.HttpClient.<SendAsync>g__Core|83_0(HttpRequestMessage request, HttpCompletionOption completionOption, CancellationTokenSource cts, Boolean disposeCts, CancellationTokenSource pendingRequestsCts, CancellationToken originalCancellationToken)
   at Sdk.WebApi.WebApi.RawHttpClientBase.SendAsync(HttpRequestMessage message, HttpCompletionOption completionOption, Object userState, CancellationToken cancellationToken)
   at Sdk.WebApi.WebApi.RawHttpClientBase.SendAsync[T](HttpRequestMessage message, Boolean readErrorBody, Object userState, CancellationToken cancellationToken)
   at Sdk.WebApi.WebApi.RawHttpClientBase.SendAsync[T](HttpMethod method, IEnumerable`1 additionalHeaders, Uri requestUri, HttpContent content, IEnumerable`1 queryParameters, Boolean readErrorBody, Object userState, CancellationToken cancellationToken)
   at GitHub.Actions.RunService.WebApi.BrokerHttpClient.GetRunnerMessageAsync(Nullable`1 sessionId, String runnerVersion, Nullable`1 status, String os, String architecture, Nullable`1 disableUpdate, CancellationToken cancellationToken)
   at GitHub.Runner.Common.BrokerServer.<>c__DisplayClass7_0.<<GetRunnerMessageAsync>b__0>d.MoveNext()
--- End of stack trace from previous location ---
   at GitHub.Runner.Common.RunnerService.RetryRequest[T](Func`1 func, CancellationToken cancellationToken, Int32 maxAttempts, Func`2 shouldRetry)
[2025-11-25 05:21:58Z ERR  BrokerServer] #####################################################
[2025-11-25 05:21:58Z ERR  BrokerServer] System.Threading.Tasks.TaskCanceledException: The operation was canceled.
 ---> System.IO.IOException: Unable to read data from the transport connection: The I/O operation has been aborted because of either a thread exit or an application request..
 ---> System.Net.Sockets.SocketException (995): The I/O operation has been aborted because of either a thread exit or an application request.
   --- End of inner exception stack trace ---
   at System.Net.Sockets.Socket.AwaitableSocketAsyncEventArgs.System.Threading.Tasks.Sources.IValueTaskSource<System.Int32>.GetResult(Int16 token)
   at System.Net.Security.SslStream.EnsureFullTlsFrameAsync[TIOAdapter](CancellationToken cancellationToken, Int32 estimatedSize)
   at System.Runtime.CompilerServices.PoolingAsyncValueTaskMethodBuilder`1.StateMachineBox`1.System.Threading.Tasks.Sources.IValueTaskSource<TResult>.GetResult(Int16 token)
   at System.Net.Security.SslStream.ReadAsyncInternal[TIOAdapter](Memory`1 buffer, CancellationToken cancellationToken)
   at System.Runtime.CompilerServices.PoolingAsyncValueTaskMethodBuilder`1.StateMachineBox`1.System.Threading.Tasks.Sources.IValueTaskSource<TResult>.GetResult(Int16 token)
   at System.Net.Http.HttpConnection.SendAsync(HttpRequestMessage request, Boolean async, CancellationToken cancellationToken)
   --- End of inner exception stack trace ---
   at System.Net.Http.HttpConnection.SendAsync(HttpRequestMessage request, Boolean async, CancellationToken cancellationToken)
   at System.Net.Http.AuthenticationHelper.SendWithNtAuthAsync(HttpRequestMessage request, Uri authUri, Boolean async, ICredentials credentials, Boolean isProxyAuth, HttpConnection connection, HttpConnectionPool connectionPool, CancellationToken cancellationToken)
   at System.Net.Http.HttpConnectionPool.SendWithVersionDetectionAndRetryAsync(HttpRequestMessage request, Boolean async, Boolean doRequestAuth, CancellationToken cancellationToken)
   at System.Net.Http.AuthenticationHelper.SendWithAuthAsync(HttpRequestMessage request, Uri authUri, Boolean async, ICredentials credentials, Boolean preAuthenticate, Boolean isProxyAuth, Boolean doRequestAuth, HttpConnectionPool pool, CancellationToken cancellationToken)
   at System.Net.Http.RedirectHandler.SendAsync(HttpRequestMessage request, Boolean async, CancellationToken cancellationToken)
   at GitHub.Services.Common.RawHttpMessageHandler.SendAsync(HttpRequestMessage request, CancellationToken cancellationToken)
   at GitHub.Services.Common.VssHttpRetryMessageHandler.SendAsync(HttpRequestMessage request, CancellationToken cancellationToken)
   at System.Net.Http.HttpClient.<SendAsync>g__Core|83_0(HttpRequestMessage request, HttpCompletionOption completionOption, CancellationTokenSource cts, Boolean disposeCts, CancellationTokenSource pendingRequestsCts, CancellationToken originalCancellationToken)
[2025-11-25 05:21:58Z ERR  BrokerServer] #####################################################
[2025-11-25 05:21:58Z ERR  BrokerServer] System.IO.IOException: Unable to read data from the transport connection: The I/O operation has been aborted because of either a thread exit or an application request..
 ---> System.Net.Sockets.SocketException (995): The I/O operation has been aborted because of either a thread exit or an application request.
   --- End of inner exception stack trace ---
   at System.Net.Sockets.Socket.AwaitableSocketAsyncEventArgs.System.Threading.Tasks.Sources.IValueTaskSource<System.Int32>.GetResult(Int16 token)
   at System.Net.Security.SslStream.EnsureFullTlsFrameAsync[TIOAdapter](CancellationToken cancellationToken, Int32 estimatedSize)
   at System.Runtime.CompilerServices.PoolingAsyncValueTaskMethodBuilder`1.StateMachineBox`1.System.Threading.Tasks.Sources.IValueTaskSource<TResult>.GetResult(Int16 token)
   at System.Net.Security.SslStream.ReadAsyncInternal[TIOAdapter](Memory`1 buffer, CancellationToken cancellationToken)
   at System.Runtime.CompilerServices.PoolingAsyncValueTaskMethodBuilder`1.StateMachineBox`1.System.Threading.Tasks.Sources.IValueTaskSource<TResult>.GetResult(Int16 token)
   at System.Net.Http.HttpConnection.SendAsync(HttpRequestMessage request, Boolean async, CancellationToken cancellationToken)
[2025-11-25 05:21:58Z ERR  BrokerServer] #####################################################
[2025-11-25 05:21:58Z ERR  BrokerServer] System.Net.Sockets.SocketException (995): The I/O operation has been aborted because of either a thread exit or an application request.
[2025-11-25 05:21:58Z WARN BrokerServer] Back off 11.419 seconds before next retry. 4 attempt left.
[2025-11-25 05:21:58Z INFO BrokerMessageListener] Get next message has been cancelled.
[2025-11-25 05:21:58Z INFO JobDispatcher] Shutting down JobDispatcher. Make sure all WorkerDispatcher has finished.
[2025-11-25 05:21:58Z INFO Runner] Deleting Runner Session...
