[2025-11-24 09:19:00Z INFO HostContext] No proxy settings were found based on environmental variables (http_proxy/https_proxy/HTTP_PROXY/HTTPS_PROXY)
[2025-11-24 09:19:00Z INFO HostContext] Well known directory 'Bin': 'C:\Users\kartik.a.bhardwaj\Github_action_24-11\actions-runner\bin'
[2025-11-24 09:19:00Z INFO HostContext] Well known directory 'Root': 'C:\Users\kartik.a.bhardwaj\Github_action_24-11\actions-runner'
[2025-11-24 09:19:00Z INFO HostContext] Well known config file 'Credentials': 'C:\Users\kartik.a.bhardwaj\Github_action_24-11\actions-runner\.credentials'
[2025-11-24 09:19:00Z INFO HostContext] Well known directory 'Bin': 'C:\Users\kartik.a.bhardwaj\Github_action_24-11\actions-runner\bin'
[2025-11-24 09:19:00Z INFO HostContext] Well known directory 'Root': 'C:\Users\kartik.a.bhardwaj\Github_action_24-11\actions-runner'
[2025-11-24 09:19:00Z INFO HostContext] Well known config file 'Runner': 'C:\Users\kartik.a.bhardwaj\Github_action_24-11\actions-runner\.runner'
[2025-11-24 09:19:00Z INFO Listener] Runner is built for Windows (X64) - win-x64.
[2025-11-24 09:19:00Z INFO Listener] RuntimeInformation: Microsoft Windows 10.0.22631.
[2025-11-24 09:19:00Z INFO Listener] Version: 2.329.0
[2025-11-24 09:19:00Z INFO Listener] Commit: c76c59996c8fa32e989164a5a695efb12608ae5a
[2025-11-24 09:19:00Z INFO Listener] Culture: en-US
[2025-11-24 09:19:00Z INFO Listener] UI Culture: en-US
[2025-11-24 09:19:00Z INFO HostContext] Well known directory 'Bin': 'C:\Users\kartik.a.bhardwaj\Github_action_24-11\actions-runner\bin'
[2025-11-24 09:19:00Z INFO HostContext] Well known directory 'Root': 'C:\Users\kartik.a.bhardwaj\Github_action_24-11\actions-runner'
[2025-11-24 09:19:00Z INFO Listener] Validating directory permissions for: 'C:\Users\kartik.a.bhardwaj\Github_action_24-11\actions-runner'
[2025-11-24 09:19:00Z INFO CommandLineParser] Parse
[2025-11-24 09:19:00Z INFO CommandLineParser] Parsing 5 args
[2025-11-24 09:19:00Z INFO CommandLineParser] parsing argument
[2025-11-24 09:19:00Z INFO CommandLineParser] HasArgs: False
[2025-11-24 09:19:00Z INFO CommandLineParser] Adding Command: configure
[2025-11-24 09:19:00Z INFO CommandLineParser] parsing argument
[2025-11-24 09:19:00Z INFO CommandLineParser] HasArgs: True
[2025-11-24 09:19:00Z INFO CommandLineParser] arg: url
[2025-11-24 09:19:00Z INFO CommandLineParser] parsing argument
[2025-11-24 09:19:00Z INFO CommandLineParser] HasArgs: True
[2025-11-24 09:19:00Z INFO CommandLineParser] Adding option 'url': 'https://github.com/KARTIKBHARDWAJ627/Github_action_24-11'
[2025-11-24 09:19:00Z INFO CommandLineParser] parsing argument
[2025-11-24 09:19:00Z INFO CommandLineParser] HasArgs: True
[2025-11-24 09:19:00Z INFO CommandLineParser] arg: token
[2025-11-24 09:19:00Z INFO CommandLineParser] parsing argument
[2025-11-24 09:19:00Z INFO CommandLineParser] HasArgs: True
[2025-11-24 09:19:00Z INFO CommandLineParser] Adding option 'token': '***'
[2025-11-24 09:19:00Z INFO Listener] Arguments parsed
[2025-11-24 09:19:00Z INFO Runner] ExecuteCommand
[2025-11-24 09:19:00Z INFO ConfigurationStore] currentAssemblyLocation: C:\Users\kartik.a.bhardwaj\Github_action_24-11\actions-runner\bin\Runner.Listener.dll
[2025-11-24 09:19:00Z INFO HostContext] Well known directory 'Bin': 'C:\Users\kartik.a.bhardwaj\Github_action_24-11\actions-runner\bin'
[2025-11-24 09:19:00Z INFO ConfigurationStore] binPath: C:\Users\kartik.a.bhardwaj\Github_action_24-11\actions-runner\bin
[2025-11-24 09:19:00Z INFO HostContext] Well known directory 'Bin': 'C:\Users\kartik.a.bhardwaj\Github_action_24-11\actions-runner\bin'
[2025-11-24 09:19:00Z INFO HostContext] Well known directory 'Root': 'C:\Users\kartik.a.bhardwaj\Github_action_24-11\actions-runner'
[2025-11-24 09:19:00Z INFO ConfigurationStore] RootFolder: C:\Users\kartik.a.bhardwaj\Github_action_24-11\actions-runner
[2025-11-24 09:19:00Z INFO HostContext] Well known directory 'Bin': 'C:\Users\kartik.a.bhardwaj\Github_action_24-11\actions-runner\bin'
[2025-11-24 09:19:00Z INFO HostContext] Well known directory 'Root': 'C:\Users\kartik.a.bhardwaj\Github_action_24-11\actions-runner'
[2025-11-24 09:19:00Z INFO HostContext] Well known config file 'Runner': 'C:\Users\kartik.a.bhardwaj\Github_action_24-11\actions-runner\.runner'
[2025-11-24 09:19:00Z INFO ConfigurationStore] ConfigFilePath: C:\Users\kartik.a.bhardwaj\Github_action_24-11\actions-runner\.runner
[2025-11-24 09:19:00Z INFO HostContext] Well known directory 'Bin': 'C:\Users\kartik.a.bhardwaj\Github_action_24-11\actions-runner\bin'
[2025-11-24 09:19:00Z INFO HostContext] Well known directory 'Root': 'C:\Users\kartik.a.bhardwaj\Github_action_24-11\actions-runner'
[2025-11-24 09:19:00Z INFO HostContext] Well known config file 'MigratedRunner': 'C:\Users\kartik.a.bhardwaj\Github_action_24-11\actions-runner\.runner_migrated'
[2025-11-24 09:19:00Z INFO ConfigurationStore] MigratedConfigFilePath: C:\Users\kartik.a.bhardwaj\Github_action_24-11\actions-runner\.runner_migrated
[2025-11-24 09:19:00Z INFO HostContext] Well known directory 'Bin': 'C:\Users\kartik.a.bhardwaj\Github_action_24-11\actions-runner\bin'
[2025-11-24 09:19:00Z INFO HostContext] Well known directory 'Root': 'C:\Users\kartik.a.bhardwaj\Github_action_24-11\actions-runner'
[2025-11-24 09:19:00Z INFO HostContext] Well known config file 'Credentials': 'C:\Users\kartik.a.bhardwaj\Github_action_24-11\actions-runner\.credentials'
[2025-11-24 09:19:00Z INFO ConfigurationStore] CredFilePath: C:\Users\kartik.a.bhardwaj\Github_action_24-11\actions-runner\.credentials
[2025-11-24 09:19:00Z INFO HostContext] Well known directory 'Bin': 'C:\Users\kartik.a.bhardwaj\Github_action_24-11\actions-runner\bin'
[2025-11-24 09:19:00Z INFO HostContext] Well known directory 'Root': 'C:\Users\kartik.a.bhardwaj\Github_action_24-11\actions-runner'
[2025-11-24 09:19:00Z INFO HostContext] Well known config file 'MigratedCredentials': 'C:\Users\kartik.a.bhardwaj\Github_action_24-11\actions-runner\.credentials_migrated'
[2025-11-24 09:19:00Z INFO ConfigurationStore] MigratedCredFilePath: C:\Users\kartik.a.bhardwaj\Github_action_24-11\actions-runner\.credentials_migrated
[2025-11-24 09:19:00Z INFO HostContext] Well known directory 'Bin': 'C:\Users\kartik.a.bhardwaj\Github_action_24-11\actions-runner\bin'
[2025-11-24 09:19:00Z INFO HostContext] Well known directory 'Root': 'C:\Users\kartik.a.bhardwaj\Github_action_24-11\actions-runner'
[2025-11-24 09:19:00Z INFO HostContext] Well known config file 'Service': 'C:\Users\kartik.a.bhardwaj\Github_action_24-11\actions-runner\.service'
[2025-11-24 09:19:00Z INFO ConfigurationStore] ServiceConfigFilePath: C:\Users\kartik.a.bhardwaj\Github_action_24-11\actions-runner\.service
[2025-11-24 09:19:00Z INFO CommandSettings] Flag 'help': 'False'
[2025-11-24 09:19:00Z INFO CommandSettings] Flag 'version': 'False'
[2025-11-24 09:19:00Z INFO CommandSettings] Flag 'commit': 'False'
[2025-11-24 09:19:00Z INFO CommandSettings] Flag 'check': 'False'
[2025-11-24 09:19:00Z INFO CommandSettings] Command 'configure': 'True'
[2025-11-24 09:19:00Z INFO Terminal] WRITE LINE: 
[2025-11-24 09:19:00Z INFO Terminal] WRITE LINE: --------------------------------------------------------------------------------
[2025-11-24 09:19:00Z INFO Terminal] WRITE LINE: |        ____ _ _   _   _       _          _        _   _                      |
[2025-11-24 09:19:00Z INFO Terminal] WRITE LINE: |       / ___(_) |_| | | |_   _| |__      / \   ___| |_(_) ___  _ __  ___      |
[2025-11-24 09:19:00Z INFO Terminal] WRITE LINE: |      | |  _| | __| |_| | | | | '_ \    / _ \ / __| __| |/ _ \| '_ \/ __|     |
[2025-11-24 09:19:00Z INFO Terminal] WRITE LINE: |      | |_| | | |_|  _  | |_| | |_) |  / ___ \ (__| |_| | (_) | | | \__ \     |
[2025-11-24 09:19:00Z INFO Terminal] WRITE LINE: |       \____|_|\__|_| |_|\__,_|_.__/  /_/   \_\___|\__|_|\___/|_| |_|___/     |
[2025-11-24 09:19:00Z INFO Terminal] WRITE LINE: |                                                                              |
[2025-11-24 09:19:00Z INFO Terminal] WRITE: |                       
[2025-11-24 09:19:00Z INFO Terminal] WRITE: Self-hosted runner registration
[2025-11-24 09:19:00Z INFO Terminal] WRITE LINE:                         |
[2025-11-24 09:19:00Z INFO Terminal] WRITE LINE: |                                                                              |
[2025-11-24 09:19:00Z INFO Terminal] WRITE LINE: --------------------------------------------------------------------------------
[2025-11-24 09:19:00Z INFO ConfigurationManager] ConfigureAsync
[2025-11-24 09:19:00Z INFO CommandSettings] Flag 'generateServiceConfig': 'False'
[2025-11-24 09:19:00Z INFO ConfigurationStore] IsConfigured()
[2025-11-24 09:19:00Z INFO ConfigurationStore] IsConfigured: False
[2025-11-24 09:19:00Z INFO ConfigurationManager] Is configured: False
[2025-11-24 09:19:00Z INFO CommandSettings] Arg 'url': 'https://github.com/KARTIKBHARDWAJ627/Github_action_24-11'
[2025-11-24 09:19:00Z INFO CommandSettings] Remove url from Arg dictionary.
[2025-11-24 09:19:00Z INFO CommandSettings] Arg 'token': '***'
[2025-11-24 09:19:00Z INFO CommandSettings] Remove token from Arg dictionary.
[2025-11-24 09:19:01Z ERR  ConfigurationManager] Failed to get tenant credentials -- Attempt: 1
[2025-11-24 09:19:01Z ERR  ConfigurationManager] System.Net.Http.HttpRequestException: The SSL connection could not be established, see inner exception.
 ---> System.IO.IOException: Unable to read data from the transport connection: An established connection was aborted by the software in your host machine..
 ---> System.Net.Sockets.SocketException (10053): An established connection was aborted by the software in your host machine.
   at System.Net.Sockets.Socket.AwaitableSocketAsyncEventArgs.CreateException(SocketError error, Boolean forAsyncThrow)
   at System.Net.Sockets.Socket.AwaitableSocketAsyncEventArgs.ReceiveAsync(Socket socket, CancellationToken cancellationToken)
   at System.Net.Sockets.Socket.ReceiveAsync(Memory`1 buffer, SocketFlags socketFlags, Boolean fromNetworkStream, CancellationToken cancellationToken)
   at System.Net.Sockets.NetworkStream.ReadAsync(Memory`1 buffer, CancellationToken cancellationToken)
   at System.Net.Security.SslStream.EnsureFullTlsFrameAsync[TIOAdapter](CancellationToken cancellationToken, Int32 estimatedSize)
   at System.Runtime.CompilerServices.AsyncMethodBuilderCore.Start[TStateMachine](TStateMachine& stateMachine)
   at System.Net.Security.SslStream.EnsureFullTlsFrameAsync[TIOAdapter](CancellationToken cancellationToken, Int32 estimatedSize)
   at System.Net.Security.SslStream.ReceiveHandshakeFrameAsync[TIOAdapter](CancellationToken cancellationToken)
   at System.Runtime.CompilerServices.AsyncMethodBuilderCore.Start[TStateMachine](TStateMachine& stateMachine)
   at System.Net.Security.SslStream.ReceiveHandshakeFrameAsync[TIOAdapter](CancellationToken cancellationToken)
   at System.Net.Security.SslStream.ForceAuthenticationAsync[TIOAdapter](Boolean receiveFirst, Byte[] reAuthenticationData, CancellationToken cancellationToken)
   at System.Runtime.CompilerServices.AsyncMethodBuilderCore.Start[TStateMachine](TStateMachine& stateMachine)
   at System.Net.Security.SslStream.ForceAuthenticationAsync[TIOAdapter](Boolean receiveFirst, Byte[] reAuthenticationData, CancellationToken cancellationToken)
   at System.Net.Http.ConnectHelper.EstablishSslConnectionAsync(SslClientAuthenticationOptions sslOptions, HttpRequestMessage request, Boolean async, Stream stream, CancellationToken cancellationToken)
   at System.Runtime.CompilerServices.AsyncMethodBuilderCore.Start[TStateMachine](TStateMachine& stateMachine)
   at System.Net.Http.ConnectHelper.EstablishSslConnectionAsync(SslClientAuthenticationOptions sslOptions, HttpRequestMessage request, Boolean async, Stream stream, CancellationToken cancellationToken)
   at System.Net.Http.HttpConnectionPool.ConnectAsync(HttpRequestMessage request, Boolean async, CancellationToken cancellationToken)
   at System.Runtime.CompilerServices.AsyncTaskMethodBuilder`1.AsyncStateMachineBox`1.ExecutionContextCallback(Object s)
   at System.Threading.ExecutionContext.RunInternal(ExecutionContext executionContext, ContextCallback callback, Object state)
   at System.Runtime.CompilerServices.AsyncTaskMethodBuilder`1.AsyncStateMachineBox`1.MoveNext(Thread threadPoolThread)
   at System.Runtime.CompilerServices.AsyncTaskMethodBuilder`1.AsyncStateMachineBox`1.MoveNext()
   at System.Threading.Tasks.AwaitTaskContinuation.RunOrScheduleAction(IAsyncStateMachineBox box, Boolean allowInlining)
   at System.Threading.Tasks.Task.RunContinuations(Object continuationObject)
   at System.Threading.Tasks.Task`1.TrySetResult(TResult result)
   at System.Runtime.CompilerServices.AsyncTaskMethodBuilder`1.SetExistingTaskResult(Task`1 task, TResult result)
   at System.Net.Http.HttpConnectionPool.ConnectToTcpHostAsync(String host, Int32 port, HttpRequestMessage initialRequest, Boolean async, CancellationToken cancellationToken)
   at System.Runtime.CompilerServices.AsyncTaskMethodBuilder`1.AsyncStateMachineBox`1.ExecutionContextCallback(Object s)
   at System.Threading.ExecutionContext.RunInternal(ExecutionContext executionContext, ContextCallback callback, Object state)
   at System.Runtime.CompilerServices.AsyncTaskMethodBuilder`1.AsyncStateMachineBox`1.MoveNext(Thread threadPoolThread)
   at System.Runtime.CompilerServices.AsyncTaskMethodBuilder`1.AsyncStateMachineBox`1.MoveNext()
   at System.Threading.Tasks.AwaitTaskContinuation.RunOrScheduleAction(IAsyncStateMachineBox box, Boolean allowInlining)
   at System.Threading.Tasks.Task.RunContinuations(Object continuationObject)
   at System.Threading.Tasks.Task`1.TrySetResult(TResult result)
   at System.Runtime.CompilerServices.AsyncTaskMethodBuilder`1.SetExistingTaskResult(Task`1 task, TResult result)
   at System.Runtime.CompilerServices.AsyncValueTaskMethodBuilder.SetResult()
   at System.Net.Sockets.Socket.<ConnectAsync>g__WaitForConnectWithCancellation|285_0(AwaitableSocketAsyncEventArgs saea, ValueTask connectTask, CancellationToken cancellationToken)
   at System.Runtime.CompilerServices.AsyncTaskMethodBuilder`1.AsyncStateMachineBox`1.ExecutionContextCallback(Object s)
   at System.Threading.ExecutionContext.RunInternal(ExecutionContext executionContext, ContextCallback callback, Object state)
   at System.Runtime.CompilerServices.AsyncTaskMethodBuilder`1.AsyncStateMachineBox`1.MoveNext(Thread threadPoolThread)
   at System.Runtime.CompilerServices.AsyncTaskMethodBuilder`1.AsyncStateMachineBox`1.MoveNext()
   at System.Net.Sockets.SocketAsyncEventArgs.<DnsConnectAsync>g__Core|112_0(MultiConnectSocketAsyncEventArgs internalArgs, Task`1 addressesTask, Int32 port, SocketType socketType, ProtocolType protocolType, CancellationToken cancellationToken)
   at System.Runtime.CompilerServices.AsyncTaskMethodBuilder`1.AsyncStateMachineBox`1.ExecutionContextCallback(Object s)
   at System.Threading.ExecutionContext.RunInternal(ExecutionContext executionContext, ContextCallback callback, Object state)
   at System.Runtime.CompilerServices.AsyncTaskMethodBuilder`1.AsyncStateMachineBox`1.MoveNext(Thread threadPoolThread)
   at System.Runtime.CompilerServices.AsyncTaskMethodBuilder`1.AsyncStateMachineBox`1.MoveNext()
   at System.Threading.ExecutionContext.RunInternal(ExecutionContext executionContext, ContextCallback callback, Object state)
   at System.Net.Sockets.SocketAsyncEventArgs.<>c.<.cctor>b__173_0(UInt32 errorCode, UInt32 numBytes, NativeOverlapped* nativeOverlapped)
   at System.Threading.PortableThreadPool.IOCompletionPoller.Callback.Invoke(Event e)
   at System.Threading.ThreadPoolTypedWorkItemQueue`2.System.Threading.IThreadPoolWorkItem.Execute()
   at System.Threading.ThreadPoolWorkQueue.Dispatch()
   at System.Threading.PortableThreadPool.WorkerThread.WorkerThreadStart()
--- End of stack trace from previous location ---

   --- End of inner exception stack trace ---
   at System.Net.Security.SslStream.EnsureFullTlsFrameAsync[TIOAdapter](CancellationToken cancellationToken, Int32 estimatedSize)
   at System.Runtime.CompilerServices.PoolingAsyncValueTaskMethodBuilder`1.StateMachineBox`1.System.Threading.Tasks.Sources.IValueTaskSource<TResult>.GetResult(Int16 token)
   at System.Net.Security.SslStream.ReceiveHandshakeFrameAsync[TIOAdapter](CancellationToken cancellationToken)
   at System.Net.Security.SslStream.ForceAuthenticationAsync[TIOAdapter](Boolean receiveFirst, Byte[] reAuthenticationData, CancellationToken cancellationToken)
   at System.Net.Http.ConnectHelper.EstablishSslConnectionAsync(SslClientAuthenticationOptions sslOptions, HttpRequestMessage request, Boolean async, Stream stream, CancellationToken cancellationToken)
   --- End of inner exception stack trace ---
   at System.Net.Http.ConnectHelper.EstablishSslConnectionAsync(SslClientAuthenticationOptions sslOptions, HttpRequestMessage request, Boolean async, Stream stream, CancellationToken cancellationToken)
   at System.Net.Http.HttpConnectionPool.ConnectAsync(HttpRequestMessage request, Boolean async, CancellationToken cancellationToken)
   at System.Net.Http.HttpConnectionPool.CreateHttp11ConnectionAsync(HttpRequestMessage request, Boolean async, CancellationToken cancellationToken)
   at System.Net.Http.HttpConnectionPool.AddHttp11ConnectionAsync(QueueItem queueItem)
   at System.Threading.Tasks.TaskCompletionSourceWithCancellation`1.WaitWithCancellationAsync(CancellationToken cancellationToken)
   at System.Net.Http.HttpConnectionPool.SendWithVersionDetectionAndRetryAsync(HttpRequestMessage request, Boolean async, Boolean doRequestAuth, CancellationToken cancellationToken)
   at System.Net.Http.RedirectHandler.SendAsync(HttpRequestMessage request, Boolean async, CancellationToken cancellationToken)
   at System.Net.Http.HttpClient.<SendAsync>g__Core|83_0(HttpRequestMessage request, HttpCompletionOption completionOption, CancellationTokenSource cts, Boolean disposeCts, CancellationTokenSource pendingRequestsCts, CancellationToken originalCancellationToken)
   at GitHub.Runner.Listener.Configuration.ConfigurationManager.GetTenantCredential(String githubUrl, String githubToken, String runnerEvent)
[2025-11-24 09:19:01Z ERR  ConfigurationManager] #####################################################
[2025-11-24 09:19:01Z ERR  ConfigurationManager] System.IO.IOException: Unable to read data from the transport connection: An established connection was aborted by the software in your host machine..
 ---> System.Net.Sockets.SocketException (10053): An established connection was aborted by the software in your host machine.
   at System.Net.Sockets.Socket.AwaitableSocketAsyncEventArgs.CreateException(SocketError error, Boolean forAsyncThrow)
   at System.Net.Sockets.Socket.AwaitableSocketAsyncEventArgs.ReceiveAsync(Socket socket, CancellationToken cancellationToken)
   at System.Net.Sockets.Socket.ReceiveAsync(Memory`1 buffer, SocketFlags socketFlags, Boolean fromNetworkStream, CancellationToken cancellationToken)
   at System.Net.Sockets.NetworkStream.ReadAsync(Memory`1 buffer, CancellationToken cancellationToken)
   at System.Net.Security.SslStream.EnsureFullTlsFrameAsync[TIOAdapter](CancellationToken cancellationToken, Int32 estimatedSize)
   at System.Runtime.CompilerServices.AsyncMethodBuilderCore.Start[TStateMachine](TStateMachine& stateMachine)
   at System.Net.Security.SslStream.EnsureFullTlsFrameAsync[TIOAdapter](CancellationToken cancellationToken, Int32 estimatedSize)
   at System.Net.Security.SslStream.ReceiveHandshakeFrameAsync[TIOAdapter](CancellationToken cancellationToken)
   at System.Runtime.CompilerServices.AsyncMethodBuilderCore.Start[TStateMachine](TStateMachine& stateMachine)
   at System.Net.Security.SslStream.ReceiveHandshakeFrameAsync[TIOAdapter](CancellationToken cancellationToken)
   at System.Net.Security.SslStream.ForceAuthenticationAsync[TIOAdapter](Boolean receiveFirst, Byte[] reAuthenticationData, CancellationToken cancellationToken)
   at System.Runtime.CompilerServices.AsyncMethodBuilderCore.Start[TStateMachine](TStateMachine& stateMachine)
   at System.Net.Security.SslStream.ForceAuthenticationAsync[TIOAdapter](Boolean receiveFirst, Byte[] reAuthenticationData, CancellationToken cancellationToken)
   at System.Net.Http.ConnectHelper.EstablishSslConnectionAsync(SslClientAuthenticationOptions sslOptions, HttpRequestMessage request, Boolean async, Stream stream, CancellationToken cancellationToken)
   at System.Runtime.CompilerServices.AsyncMethodBuilderCore.Start[TStateMachine](TStateMachine& stateMachine)
   at System.Net.Http.ConnectHelper.EstablishSslConnectionAsync(SslClientAuthenticationOptions sslOptions, HttpRequestMessage request, Boolean async, Stream stream, CancellationToken cancellationToken)
   at System.Net.Http.HttpConnectionPool.ConnectAsync(HttpRequestMessage request, Boolean async, CancellationToken cancellationToken)
   at System.Runtime.CompilerServices.AsyncTaskMethodBuilder`1.AsyncStateMachineBox`1.ExecutionContextCallback(Object s)
   at System.Threading.ExecutionContext.RunInternal(ExecutionContext executionContext, ContextCallback callback, Object state)
   at System.Runtime.CompilerServices.AsyncTaskMethodBuilder`1.AsyncStateMachineBox`1.MoveNext(Thread threadPoolThread)
   at System.Runtime.CompilerServices.AsyncTaskMethodBuilder`1.AsyncStateMachineBox`1.MoveNext()
   at System.Threading.Tasks.AwaitTaskContinuation.RunOrScheduleAction(IAsyncStateMachineBox box, Boolean allowInlining)
   at System.Threading.Tasks.Task.RunContinuations(Object continuationObject)
   at System.Threading.Tasks.Task`1.TrySetResult(TResult result)
   at System.Runtime.CompilerServices.AsyncTaskMethodBuilder`1.SetExistingTaskResult(Task`1 task, TResult result)
   at System.Net.Http.HttpConnectionPool.ConnectToTcpHostAsync(String host, Int32 port, HttpRequestMessage initialRequest, Boolean async, CancellationToken cancellationToken)
   at System.Runtime.CompilerServices.AsyncTaskMethodBuilder`1.AsyncStateMachineBox`1.ExecutionContextCallback(Object s)
   at System.Threading.ExecutionContext.RunInternal(ExecutionContext executionContext, ContextCallback callback, Object state)
   at System.Runtime.CompilerServices.AsyncTaskMethodBuilder`1.AsyncStateMachineBox`1.MoveNext(Thread threadPoolThread)
   at System.Runtime.CompilerServices.AsyncTaskMethodBuilder`1.AsyncStateMachineBox`1.MoveNext()
   at System.Threading.Tasks.AwaitTaskContinuation.RunOrScheduleAction(IAsyncStateMachineBox box, Boolean allowInlining)
   at System.Threading.Tasks.Task.RunContinuations(Object continuationObject)
   at System.Threading.Tasks.Task`1.TrySetResult(TResult result)
   at System.Runtime.CompilerServices.AsyncTaskMethodBuilder`1.SetExistingTaskResult(Task`1 task, TResult result)
   at System.Runtime.CompilerServices.AsyncValueTaskMethodBuilder.SetResult()
   at System.Net.Sockets.Socket.<ConnectAsync>g__WaitForConnectWithCancellation|285_0(AwaitableSocketAsyncEventArgs saea, ValueTask connectTask, CancellationToken cancellationToken)
   at System.Runtime.CompilerServices.AsyncTaskMethodBuilder`1.AsyncStateMachineBox`1.ExecutionContextCallback(Object s)
   at System.Threading.ExecutionContext.RunInternal(ExecutionContext executionContext, ContextCallback callback, Object state)
   at System.Runtime.CompilerServices.AsyncTaskMethodBuilder`1.AsyncStateMachineBox`1.MoveNext(Thread threadPoolThread)
   at System.Runtime.CompilerServices.AsyncTaskMethodBuilder`1.AsyncStateMachineBox`1.MoveNext()
   at System.Net.Sockets.SocketAsyncEventArgs.<DnsConnectAsync>g__Core|112_0(MultiConnectSocketAsyncEventArgs internalArgs, Task`1 addressesTask, Int32 port, SocketType socketType, ProtocolType protocolType, CancellationToken cancellationToken)
   at System.Runtime.CompilerServices.AsyncTaskMethodBuilder`1.AsyncStateMachineBox`1.ExecutionContextCallback(Object s)
   at System.Threading.ExecutionContext.RunInternal(ExecutionContext executionContext, ContextCallback callback, Object state)
   at System.Runtime.CompilerServices.AsyncTaskMethodBuilder`1.AsyncStateMachineBox`1.MoveNext(Thread threadPoolThread)
   at System.Runtime.CompilerServices.AsyncTaskMethodBuilder`1.AsyncStateMachineBox`1.MoveNext()
   at System.Threading.ExecutionContext.RunInternal(ExecutionContext executionContext, ContextCallback callback, Object state)
   at System.Net.Sockets.SocketAsyncEventArgs.<>c.<.cctor>b__173_0(UInt32 errorCode, UInt32 numBytes, NativeOverlapped* nativeOverlapped)
   at System.Threading.PortableThreadPool.IOCompletionPoller.Callback.Invoke(Event e)
   at System.Threading.ThreadPoolTypedWorkItemQueue`2.System.Threading.IThreadPoolWorkItem.Execute()
   at System.Threading.ThreadPoolWorkQueue.Dispatch()
   at System.Threading.PortableThreadPool.WorkerThread.WorkerThreadStart()
--- End of stack trace from previous location ---

   --- End of inner exception stack trace ---
   at System.Net.Security.SslStream.EnsureFullTlsFrameAsync[TIOAdapter](CancellationToken cancellationToken, Int32 estimatedSize)
   at System.Runtime.CompilerServices.PoolingAsyncValueTaskMethodBuilder`1.StateMachineBox`1.System.Threading.Tasks.Sources.IValueTaskSource<TResult>.GetResult(Int16 token)
   at System.Net.Security.SslStream.ReceiveHandshakeFrameAsync[TIOAdapter](CancellationToken cancellationToken)
   at System.Net.Security.SslStream.ForceAuthenticationAsync[TIOAdapter](Boolean receiveFirst, Byte[] reAuthenticationData, CancellationToken cancellationToken)
   at System.Net.Http.ConnectHelper.EstablishSslConnectionAsync(SslClientAuthenticationOptions sslOptions, HttpRequestMessage request, Boolean async, Stream stream, CancellationToken cancellationToken)
[2025-11-24 09:19:01Z ERR  ConfigurationManager] #####################################################
[2025-11-24 09:19:01Z ERR  ConfigurationManager] System.Net.Sockets.SocketException (10053): An established connection was aborted by the software in your host machine.
   at System.Net.Sockets.Socket.AwaitableSocketAsyncEventArgs.CreateException(SocketError error, Boolean forAsyncThrow)
   at System.Net.Sockets.Socket.AwaitableSocketAsyncEventArgs.ReceiveAsync(Socket socket, CancellationToken cancellationToken)
   at System.Net.Sockets.Socket.ReceiveAsync(Memory`1 buffer, SocketFlags socketFlags, Boolean fromNetworkStream, CancellationToken cancellationToken)
   at System.Net.Sockets.NetworkStream.ReadAsync(Memory`1 buffer, CancellationToken cancellationToken)
   at System.Net.Security.SslStream.EnsureFullTlsFrameAsync[TIOAdapter](CancellationToken cancellationToken, Int32 estimatedSize)
   at System.Runtime.CompilerServices.AsyncMethodBuilderCore.Start[TStateMachine](TStateMachine& stateMachine)
   at System.Net.Security.SslStream.EnsureFullTlsFrameAsync[TIOAdapter](CancellationToken cancellationToken, Int32 estimatedSize)
   at System.Net.Security.SslStream.ReceiveHandshakeFrameAsync[TIOAdapter](CancellationToken cancellationToken)
   at System.Runtime.CompilerServices.AsyncMethodBuilderCore.Start[TStateMachine](TStateMachine& stateMachine)
   at System.Net.Security.SslStream.ReceiveHandshakeFrameAsync[TIOAdapter](CancellationToken cancellationToken)
   at System.Net.Security.SslStream.ForceAuthenticationAsync[TIOAdapter](Boolean receiveFirst, Byte[] reAuthenticationData, CancellationToken cancellationToken)
   at System.Runtime.CompilerServices.AsyncMethodBuilderCore.Start[TStateMachine](TStateMachine& stateMachine)
   at System.Net.Security.SslStream.ForceAuthenticationAsync[TIOAdapter](Boolean receiveFirst, Byte[] reAuthenticationData, CancellationToken cancellationToken)
   at System.Net.Http.ConnectHelper.EstablishSslConnectionAsync(SslClientAuthenticationOptions sslOptions, HttpRequestMessage request, Boolean async, Stream stream, CancellationToken cancellationToken)
   at System.Runtime.CompilerServices.AsyncMethodBuilderCore.Start[TStateMachine](TStateMachine& stateMachine)
   at System.Net.Http.ConnectHelper.EstablishSslConnectionAsync(SslClientAuthenticationOptions sslOptions, HttpRequestMessage request, Boolean async, Stream stream, CancellationToken cancellationToken)
   at System.Net.Http.HttpConnectionPool.ConnectAsync(HttpRequestMessage request, Boolean async, CancellationToken cancellationToken)
   at System.Runtime.CompilerServices.AsyncTaskMethodBuilder`1.AsyncStateMachineBox`1.ExecutionContextCallback(Object s)
   at System.Threading.ExecutionContext.RunInternal(ExecutionContext executionContext, ContextCallback callback, Object state)
   at System.Runtime.CompilerServices.AsyncTaskMethodBuilder`1.AsyncStateMachineBox`1.MoveNext(Thread threadPoolThread)
   at System.Runtime.CompilerServices.AsyncTaskMethodBuilder`1.AsyncStateMachineBox`1.MoveNext()
   at System.Threading.Tasks.AwaitTaskContinuation.RunOrScheduleAction(IAsyncStateMachineBox box, Boolean allowInlining)
   at System.Threading.Tasks.Task.RunContinuations(Object continuationObject)
   at System.Threading.Tasks.Task`1.TrySetResult(TResult result)
   at System.Runtime.CompilerServices.AsyncTaskMethodBuilder`1.SetExistingTaskResult(Task`1 task, TResult result)
   at System.Net.Http.HttpConnectionPool.ConnectToTcpHostAsync(String host, Int32 port, HttpRequestMessage initialRequest, Boolean async, CancellationToken cancellationToken)
   at System.Runtime.CompilerServices.AsyncTaskMethodBuilder`1.AsyncStateMachineBox`1.ExecutionContextCallback(Object s)
   at System.Threading.ExecutionContext.RunInternal(ExecutionContext executionContext, ContextCallback callback, Object state)
   at System.Runtime.CompilerServices.AsyncTaskMethodBuilder`1.AsyncStateMachineBox`1.MoveNext(Thread threadPoolThread)
   at System.Runtime.CompilerServices.AsyncTaskMethodBuilder`1.AsyncStateMachineBox`1.MoveNext()
   at System.Threading.Tasks.AwaitTaskContinuation.RunOrScheduleAction(IAsyncStateMachineBox box, Boolean allowInlining)
   at System.Threading.Tasks.Task.RunContinuations(Object continuationObject)
   at System.Threading.Tasks.Task`1.TrySetResult(TResult result)
   at System.Runtime.CompilerServices.AsyncTaskMethodBuilder`1.SetExistingTaskResult(Task`1 task, TResult result)
   at System.Runtime.CompilerServices.AsyncValueTaskMethodBuilder.SetResult()
   at System.Net.Sockets.Socket.<ConnectAsync>g__WaitForConnectWithCancellation|285_0(AwaitableSocketAsyncEventArgs saea, ValueTask connectTask, CancellationToken cancellationToken)
   at System.Runtime.CompilerServices.AsyncTaskMethodBuilder`1.AsyncStateMachineBox`1.ExecutionContextCallback(Object s)
   at System.Threading.ExecutionContext.RunInternal(ExecutionContext executionContext, ContextCallback callback, Object state)
   at System.Runtime.CompilerServices.AsyncTaskMethodBuilder`1.AsyncStateMachineBox`1.MoveNext(Thread threadPoolThread)
   at System.Runtime.CompilerServices.AsyncTaskMethodBuilder`1.AsyncStateMachineBox`1.MoveNext()
   at System.Net.Sockets.SocketAsyncEventArgs.<DnsConnectAsync>g__Core|112_0(MultiConnectSocketAsyncEventArgs internalArgs, Task`1 addressesTask, Int32 port, SocketType socketType, ProtocolType protocolType, CancellationToken cancellationToken)
   at System.Runtime.CompilerServices.AsyncTaskMethodBuilder`1.AsyncStateMachineBox`1.ExecutionContextCallback(Object s)
   at System.Threading.ExecutionContext.RunInternal(ExecutionContext executionContext, ContextCallback callback, Object state)
   at System.Runtime.CompilerServices.AsyncTaskMethodBuilder`1.AsyncStateMachineBox`1.MoveNext(Thread threadPoolThread)
   at System.Runtime.CompilerServices.AsyncTaskMethodBuilder`1.AsyncStateMachineBox`1.MoveNext()
   at System.Threading.ExecutionContext.RunInternal(ExecutionContext executionContext, ContextCallback callback, Object state)
   at System.Net.Sockets.SocketAsyncEventArgs.<>c.<.cctor>b__173_0(UInt32 errorCode, UInt32 numBytes, NativeOverlapped* nativeOverlapped)
   at System.Threading.PortableThreadPool.IOCompletionPoller.Callback.Invoke(Event e)
   at System.Threading.ThreadPoolTypedWorkItemQueue`2.System.Threading.IThreadPoolWorkItem.Execute()
   at System.Threading.ThreadPoolWorkQueue.Dispatch()
   at System.Threading.PortableThreadPool.WorkerThread.WorkerThreadStart()
--- End of stack trace from previous location ---

[2025-11-24 09:19:01Z INFO ConfigurationManager] Retrying in 4 seconds
[2025-11-24 09:19:06Z INFO ConfigurationManager] Http response code: OK from 'POST https://api.github.com/actions/runner-registration' (5CD0:141C47:1140383:1725B75:69242309)
[2025-11-24 09:19:06Z INFO ConfigurationManager] Using runner-admin flow: False
[2025-11-24 09:19:06Z INFO ConfigurationManager] cred retrieved via GitHub auth
[2025-11-24 09:19:06Z INFO RunnerServer] EstablishVssConnection
[2025-11-24 09:19:06Z INFO RunnerServer] Establish connection with 100 seconds timeout.
[2025-11-24 09:19:07Z INFO GitHubActionsService] Starting operation Location.GetConnectionData
[2025-11-24 09:19:07Z INFO RunnerServer] EstablishVssConnection
[2025-11-24 09:19:07Z INFO RunnerServer] Establish connection with 60 seconds timeout.
[2025-11-24 09:19:07Z INFO GitHubActionsService] Starting operation Location.GetConnectionData
[2025-11-24 09:19:07Z INFO RunnerServer] EstablishVssConnection
[2025-11-24 09:19:07Z INFO RunnerServer] Establish connection with 60 seconds timeout.
[2025-11-24 09:19:07Z INFO GitHubActionsService] Starting operation Location.GetConnectionData
[2025-11-24 09:19:07Z WARN GitHubActionsService] Attempt 1 of GET request to https://pipelinesghubeus23.actions.githubusercontent.com/zY0EQsxve8yuViIbETigPhNomdEGE82gHgYPQpzUVI0dksVSDN/_apis/connectionData?connectOptions=1&lastChangeId=-1&lastChangeId64=-1 failed (Socket Error: ConnectionAborted). The operation will be retried in 10.902 seconds.
[2025-11-24 09:19:07Z WARN GitHubActionsService] Attempt 1 of GET request to https://pipelinesghubeus23.actions.githubusercontent.com/zY0EQsxve8yuViIbETigPhNomdEGE82gHgYPQpzUVI0dksVSDN/_apis/connectionData?connectOptions=1&lastChangeId=-1&lastChangeId64=-1 failed (Socket Error: ConnectionAborted). The operation will be retried in 10.904 seconds.
[2025-11-24 09:19:07Z WARN GitHubActionsService] Attempt 1 of GET request to https://pipelinesghubeus23.actions.githubusercontent.com/zY0EQsxve8yuViIbETigPhNomdEGE82gHgYPQpzUVI0dksVSDN/_apis/connectionData?connectOptions=1&lastChangeId=-1&lastChangeId64=-1 failed (Socket Error: ConnectionAborted). The operation will be retried in 11.105 seconds.
[2025-11-24 09:19:20Z INFO GitHubActionsService] Finished operation Location.GetConnectionData
[2025-11-24 09:19:20Z INFO GitHubActionsService] Finished operation Location.GetConnectionData
[2025-11-24 09:19:20Z INFO GitHubActionsService] Finished operation Location.GetConnectionData
[2025-11-24 09:19:20Z INFO Terminal] WRITE LINE: 
[2025-11-24 09:19:20Z INFO ConfigurationManager] Test Connection complete.
[2025-11-24 09:19:20Z INFO HostContext] Well known directory 'Bin': 'C:\Users\kartik.a.bhardwaj\Github_action_24-11\actions-runner\bin'
[2025-11-24 09:19:20Z INFO HostContext] Well known directory 'Root': 'C:\Users\kartik.a.bhardwaj\Github_action_24-11\actions-runner'
[2025-11-24 09:19:20Z INFO HostContext] Well known config file 'RSACredentials': 'C:\Users\kartik.a.bhardwaj\Github_action_24-11\actions-runner\.credentials_rsaparams'
[2025-11-24 09:19:20Z INFO RSAEncryptedFileKeyManager] Creating new RSA key using 2048-bit key length
[2025-11-24 09:19:20Z INFO RSAEncryptedFileKeyManager] Successfully saved RSA key parameters to file C:\Users\kartik.a.bhardwaj\Github_action_24-11\actions-runner\.credentials_rsaparams
[2025-11-24 09:19:20Z INFO CommandSettings] Arg 'runnergroup': ''
[2025-11-24 09:19:20Z INFO CommandSettings] Flag 'unattended': 'False'
[2025-11-24 09:19:20Z INFO PromptManager] ReadValue
[2025-11-24 09:19:20Z INFO Terminal] WRITE: Enter the name of the runner group to add this runner to: 
[2025-11-24 09:19:20Z INFO Terminal] WRITE: [press Enter for Default] 
[2025-11-24 09:19:20Z INFO Terminal] READ LINE
[2025-11-24 09:20:35Z INFO Terminal] Read value: './run.cmd'
[2025-11-24 09:20:35Z INFO Terminal] WRITE LINE: 
[2025-11-24 09:20:35Z ERR  Runner] GitHub.DistributedTask.WebApi.TaskAgentPoolNotFoundException: Could not find any self-hosted runner group named "./run.cmd".
   at GitHub.Runner.Listener.Configuration.ConfigurationManager.ConfigureAsync(CommandSettings command)
   at GitHub.Runner.Listener.Runner.ExecuteCommand(CommandSettings command)
[2025-11-24 09:20:35Z ERR  Terminal] WRITE ERROR: Could not find any self-hosted runner group named "./run.cmd".
[2025-11-24 09:20:35Z INFO Listener] Runner execution has finished with return code 1
